#
# There is insufficient memory for the Java Runtime Environment to continue.
# Native memory allocation (malloc) failed to allocate 1661776 bytes. Error detail: Chunk::new
# Possible reasons:
#   The system is out of physical RAM or swap space
#   This process is running with CompressedOops enabled, and the Java Heap may be blocking the growth of the native heap
# Possible solutions:
#   Reduce memory load on the system
#   Increase physical memory or swap space
#   Check if swap backing store is full
#   Decrease Java heap size (-Xmx/-Xms)
#   Decrease number of Java threads
#   Decrease Java thread stack sizes (-Xss)
#   Set larger code cache with -XX:ReservedCodeCacheSize=
#   JVM is running with Unscaled Compressed Oops mode in which the Java heap is
#     placed in the first 4GB address space. The Java Heap base address is the
#     maximum limit for the native heap growth. Please use -XX:HeapBaseMinAddress
#     to set the Java Heap base and to place the Java Heap above 4GB virtual address.
# This output file may be truncated or incomplete.
#
#  Out of Memory Error (arena.cpp:168), pid=2692, tid=34084
#
# JRE version: OpenJDK Runtime Environment Corretto-21.0.9.10.1 (21.0.9+10) (build 21.0.9+10-LTS)
# Java VM: OpenJDK 64-Bit Server VM Corretto-21.0.9.10.1 (21.0.9+10-LTS, mixed mode, sharing, tiered, compressed oops, compressed class ptrs, g1 gc, windows-amd64)
# No core dump will be written. Minidumps are not enabled by default on client versions of Windows
#

---------------  S U M M A R Y ------------

Command Line: --add-opens=java.base/java.lang=ALL-UNNAMED --add-opens=java.base/java.lang.invoke=ALL-UNNAMED --add-opens=java.base/java.util=ALL-UNNAMED --add-opens=java.prefs/java.util.prefs=ALL-UNNAMED --add-exports=jdk.compiler/com.sun.tools.javac.api=ALL-UNNAMED --add-exports=jdk.compiler/com.sun.tools.javac.util=ALL-UNNAMED --add-opens=java.base/java.util=ALL-UNNAMED --add-opens=java.prefs/java.util.prefs=ALL-UNNAMED --add-opens=java.base/java.nio.charset=ALL-UNNAMED --add-opens=java.base/java.net=ALL-UNNAMED --add-opens=java.base/java.util.concurrent.atomic=ALL-UNNAMED --add-opens=java.xml/javax.xml.namespace=ALL-UNNAMED -XX:MaxMetaspaceSize=384m -XX:+HeapDumpOnOutOfMemoryError -Xms256m -Xmx512m -Dfile.encoding=UTF-8 -Duser.country=KR -Duser.language=ko -Duser.variant -javaagent:C:\Users\sksdu_4644\.gradle\wrapper\dists\gradle-8.14.4-bin\92wwslzcyst3phie3o264zltu\gradle-8.14.4\lib\agents\gradle-instrumentation-agent-8.14.4.jar org.gradle.launcher.daemon.bootstrap.GradleDaemon 8.14.4

Host: Intel(R) Core(TM) i5-10210U CPU @ 1.60GHz, 8 cores, 15G,  Windows 11 , 64 bit Build 26100 (10.0.26100.7920)
Time: Tue Apr 14 11:06:36 2026 elapsed time: 31.044812 seconds (0d 0h 0m 31s)

---------------  T H R E A D  ---------------

Current thread (0x000001d66bee59c0):  JavaThread "C2 CompilerThread0" daemon [_thread_in_native, id=34084, stack(0x0000000afc300000,0x0000000afc400000) (1024K)]


Current CompileTask:
C2:31045 2747   !   4       java.lang.ClassLoader::loadClass (121 bytes)

Stack: [0x0000000afc300000,0x0000000afc400000]
Native frames: (J=compiled Java code, j=interpreted, Vv=VM code, C=native code)
V  [jvm.dll+0x6de6a9]
V  [jvm.dll+0x8bbdeb]
V  [jvm.dll+0x8be37a]
V  [jvm.dll+0x8bea53]
V  [jvm.dll+0x28a1d6]
V  [jvm.dll+0xc8fdd]
V  [jvm.dll+0xc952c]
V  [jvm.dll+0x3c51f2]
V  [jvm.dll+0x1ea2a6]
V  [jvm.dll+0x2520c3]
V  [jvm.dll+0x25159c]
V  [jvm.dll+0x1d184e]
V  [jvm.dll+0x26114a]
V  [jvm.dll+0x25f6d5]
V  [jvm.dll+0x3fefbd]
V  [jvm.dll+0x865f4d]
V  [jvm.dll+0x6dcead]
C  [ucrtbase.dll+0x37b0]
C  [KERNEL32.DLL+0x2e8d7]
C  [ntdll.dll+0x8c48c]


---------------  P R O C E S S  ---------------

Threads class SMR info:
_java_thread_list=0x000001d671ed3a40, length=24, elements={
0x000001d64ec64b20, 0x000001d6700042a0, 0x000001d670004b00, 0x000001d67000d0d0,
0x000001d67000dcf0, 0x000001d67000f940, 0x000001d66bee1a30, 0x000001d66bee59c0,
0x000001d66bee7650, 0x000001d6702cebe0, 0x000001d6702b35a0, 0x000001d670549d10,
0x000001d6715ed190, 0x000001d671bae3f0, 0x000001d67180ed00, 0x000001d671af1c50,
0x000001d671b36290, 0x000001d671b36ea0, 0x000001d67178d860, 0x000001d6718a7d50,
0x000001d6718a9790, 0x000001d6718a9100, 0x000001d6718a83e0, 0x000001d6718a69a0
}

Java Threads: ( => current thread )
  0x000001d64ec64b20 JavaThread "main"                              [_thread_blocked, id=15304, stack(0x0000000afb500000,0x0000000afb600000) (1024K)]
  0x000001d6700042a0 JavaThread "Reference Handler"          daemon [_thread_blocked, id=16316, stack(0x0000000afbd00000,0x0000000afbe00000) (1024K)]
  0x000001d670004b00 JavaThread "Finalizer"                  daemon [_thread_blocked, id=24652, stack(0x0000000afbe00000,0x0000000afbf00000) (1024K)]
  0x000001d67000d0d0 JavaThread "Signal Dispatcher"          daemon [_thread_blocked, id=11200, stack(0x0000000afbf00000,0x0000000afc000000) (1024K)]
  0x000001d67000dcf0 JavaThread "Attach Listener"            daemon [_thread_blocked, id=18628, stack(0x0000000afc000000,0x0000000afc100000) (1024K)]
  0x000001d67000f940 JavaThread "Service Thread"             daemon [_thread_blocked, id=34868, stack(0x0000000afc100000,0x0000000afc200000) (1024K)]
  0x000001d66bee1a30 JavaThread "Monitor Deflation Thread"   daemon [_thread_blocked, id=33656, stack(0x0000000afc200000,0x0000000afc300000) (1024K)]
=>0x000001d66bee59c0 JavaThread "C2 CompilerThread0"         daemon [_thread_in_native, id=34084, stack(0x0000000afc300000,0x0000000afc400000) (1024K)]
  0x000001d66bee7650 JavaThread "C1 CompilerThread0"         daemon [_thread_blocked, id=4608, stack(0x0000000afc400000,0x0000000afc500000) (1024K)]
  0x000001d6702cebe0 JavaThread "Common-Cleaner"             daemon [_thread_blocked, id=11864, stack(0x0000000afc500000,0x0000000afc600000) (1024K)]
  0x000001d6702b35a0 JavaThread "Notification Thread"        daemon [_thread_blocked, id=29684, stack(0x0000000afc600000,0x0000000afc700000) (1024K)]
  0x000001d670549d10 JavaThread "Daemon health stats"               [_thread_blocked, id=25444, stack(0x0000000afcd00000,0x0000000afce00000) (1024K)]
  0x000001d6715ed190 JavaThread "Incoming local TCP Connector on port 58024"        [_thread_in_native, id=28020, stack(0x0000000afce00000,0x0000000afcf00000) (1024K)]
  0x000001d671bae3f0 JavaThread "Daemon periodic checks"            [_thread_blocked, id=35668, stack(0x0000000afcf00000,0x0000000afd000000) (1024K)]
  0x000001d67180ed00 JavaThread "Daemon"                            [_thread_blocked, id=25924, stack(0x0000000afd000000,0x0000000afd100000) (1024K)]
  0x000001d671af1c50 JavaThread "Handler for socket connection from /127.0.0.1:58024 to /127.0.0.1:58025"        [_thread_in_native, id=10692, stack(0x0000000afd100000,0x0000000afd200000) (1024K)]
  0x000001d671b36290 JavaThread "Cancel handler"                    [_thread_blocked, id=31176, stack(0x0000000afd200000,0x0000000afd300000) (1024K)]
  0x000001d671b36ea0 JavaThread "Daemon worker"                     [_thread_in_vm, id=16212, stack(0x0000000afd300000,0x0000000afd400000) (1024K)]
  0x000001d67178d860 JavaThread "Asynchronous log dispatcher for DefaultDaemonConnection: socket connection from /127.0.0.1:58024 to /127.0.0.1:58025"        [_thread_blocked, id=24956, stack(0x0000000afd400000,0x0000000afd500000) (1024K)]
  0x000001d6718a7d50 JavaThread "Stdin handler"                     [_thread_blocked, id=2008, stack(0x0000000afd500000,0x0000000afd600000) (1024K)]
  0x000001d6718a9790 JavaThread "Daemon client event forwarder"        [_thread_blocked, id=11672, stack(0x0000000afd600000,0x0000000afd700000) (1024K)]
  0x000001d6718a9100 JavaThread "Cache worker for journal cache (C:\Users\sksdu_4644\.gradle\caches\journal-1)"        [_thread_blocked, id=14084, stack(0x0000000afc700000,0x0000000afc800000) (1024K)]
  0x000001d6718a83e0 JavaThread "File lock request listener"        [_thread_in_native, id=32404, stack(0x0000000afd700000,0x0000000afd800000) (1024K)]
  0x000001d6718a69a0 JavaThread "Cache worker for file hash cache (C:\Users\sksdu_4644\.gradle\caches\8.14.4\fileHashes)"        [_thread_blocked, id=29236, stack(0x0000000afd800000,0x0000000afd900000) (1024K)]
Total: 24

Other Threads:
  0x000001d66bec2ca0 VMThread "VM Thread"                           [id=32776, stack(0x0000000afbc00000,0x0000000afbd00000) (1024K)]
  0x000001d66beb4db0 WatcherThread "VM Periodic Task Thread"        [id=35532, stack(0x0000000afbb00000,0x0000000afbc00000) (1024K)]
  0x000001d651036240 WorkerThread "GC Thread#0"                     [id=19048, stack(0x0000000afb600000,0x0000000afb700000) (1024K)]
  0x000001d670332230 WorkerThread "GC Thread#1"                     [id=20732, stack(0x0000000afc800000,0x0000000afc900000) (1024K)]
  0x000001d6703325d0 WorkerThread "GC Thread#2"                     [id=21760, stack(0x0000000afc900000,0x0000000afca00000) (1024K)]
  0x000001d670332970 WorkerThread "GC Thread#3"                     [id=26020, stack(0x0000000afca00000,0x0000000afcb00000) (1024K)]
  0x000001d670333520 WorkerThread "GC Thread#4"                     [id=33324, stack(0x0000000afcb00000,0x0000000afcc00000) (1024K)]
  0x000001d6703338c0 WorkerThread "GC Thread#5"                     [id=23260, stack(0x0000000afcc00000,0x0000000afcd00000) (1024K)]
  0x000001d6700f52d0 WorkerThread "GC Thread#6"                     [id=13972, stack(0x0000000afda00000,0x0000000afdb00000) (1024K)]
  0x000001d6700f5a10 WorkerThread "GC Thread#7"                     [id=28416, stack(0x0000000afdb00000,0x0000000afdc00000) (1024K)]
  0x000001d65103b130 ConcurrentGCThread "G1 Main Marker"            [id=34392, stack(0x0000000afb700000,0x0000000afb800000) (1024K)]
  0x000001d65103d160 WorkerThread "G1 Conc#0"                       [id=34344, stack(0x0000000afb800000,0x0000000afb900000) (1024K)]
  0x000001d6510ce9f0 ConcurrentGCThread "G1 Refine#0"               [id=32084, stack(0x0000000afb900000,0x0000000afba00000) (1024K)]
  0x000001d66bd86200 ConcurrentGCThread "G1 Service"                [id=7588, stack(0x0000000afba00000,0x0000000afbb00000) (1024K)]
Total: 14

Threads with active compile tasks:
C2 CompilerThread0  31105 2747   !   4       java.lang.ClassLoader::loadClass (121 bytes)
Total: 1

VM state: not at safepoint (normal execution)

VM Mutex/Monitor currently owned by a thread: None

Heap address: 0x00000000e0000000, size: 512 MB, Compressed Oops mode: 32-bit

CDS archive(s) mapped at: [0x000001d600000000-0x000001d600c80000-0x000001d600c80000), size 13107200, SharedBaseAddress: 0x000001d600000000, ArchiveRelocationMode: 1.
Compressed class space mapped at: 0x000001d601000000-0x000001d615000000, reserved size: 335544320
Narrow klass base: 0x000001d600000000, Narrow klass shift: 0, Narrow klass range: 0x100000000

GC Precious Log:
 CardTable entry size: 512
 Card Set container configuration: InlinePtr #cards 5 size 8 Array Of Cards #cards 12 size 40 Howl #buckets 4 coarsen threshold 1843 Howl Bitmap #cards 512 size 80 coarsen threshold 460 Card regions per heap region 1 cards per card region 2048
 CPUs: 8 total, 8 available
 Memory: 16198M
 Large Page Support: Disabled
 NUMA Support: Disabled
 Compressed Oops: Enabled (32-bit)
 Heap Region Size: 1M
 Heap Min Capacity: 256M
 Heap Initial Capacity: 256M
 Heap Max Capacity: 512M
 Pre-touch: Disabled
 Parallel Workers: 8
 Concurrent Workers: 2
 Concurrent Refinement Workers: 8
 Periodic GC: Disabled

Heap:
 garbage-first heap   total 262144K, used 28335K [0x00000000e0000000, 0x0000000100000000)
  region size 1024K, 22 young (22528K), 14 survivors (14336K)
 Metaspace       used 17157K, committed 17728K, reserved 393216K
  class space    used 2383K, committed 2624K, reserved 327680K

Heap Regions: E=young(eden), S=young(survivor), O=old, HS=humongous(starts), HC=humongous(continues), CS=collection set, F=free, TAMS=top-at-mark-start, PB=parsable bottom
|   0|0x00000000e0000000, 0x00000000e0100000, 0x00000000e0100000|100%|HS|  |TAMS 0x00000000e0000000| PB 0x00000000e0000000| Complete 
|   1|0x00000000e0100000, 0x00000000e0200000, 0x00000000e0200000|100%|HC|  |TAMS 0x00000000e0100000| PB 0x00000000e0100000| Complete 
|   2|0x00000000e0200000, 0x00000000e0300000, 0x00000000e0300000|100%|HC|  |TAMS 0x00000000e0200000| PB 0x00000000e0200000| Complete 
|   3|0x00000000e0300000, 0x00000000e0400000, 0x00000000e0400000|100%| O|  |TAMS 0x00000000e0300000| PB 0x00000000e0300000| Untracked 
|   4|0x00000000e0400000, 0x00000000e0500000, 0x00000000e0500000|100%| O|  |TAMS 0x00000000e0400000| PB 0x00000000e0400000| Untracked 
|   5|0x00000000e0500000, 0x00000000e05d7028, 0x00000000e0600000| 83%| O|  |TAMS 0x00000000e0500000| PB 0x00000000e0500000| Untracked 
|   6|0x00000000e0600000, 0x00000000e0700000, 0x00000000e0700000|100%|HS|  |TAMS 0x00000000e0600000| PB 0x00000000e0600000| Complete 
|   7|0x00000000e0700000, 0x00000000e0700000, 0x00000000e0800000|  0%| F|  |TAMS 0x00000000e0700000| PB 0x00000000e0700000| Untracked 
|   8|0x00000000e0800000, 0x00000000e0800000, 0x00000000e0900000|  0%| F|  |TAMS 0x00000000e0800000| PB 0x00000000e0800000| Untracked 
|   9|0x00000000e0900000, 0x00000000e0900000, 0x00000000e0a00000|  0%| F|  |TAMS 0x00000000e0900000| PB 0x00000000e0900000| Untracked 
|  10|0x00000000e0a00000, 0x00000000e0a00000, 0x00000000e0b00000|  0%| F|  |TAMS 0x00000000e0a00000| PB 0x00000000e0a00000| Untracked 
|  11|0x00000000e0b00000, 0x00000000e0b00000, 0x00000000e0c00000|  0%| F|  |TAMS 0x00000000e0b00000| PB 0x00000000e0b00000| Untracked 
|  12|0x00000000e0c00000, 0x00000000e0c00000, 0x00000000e0d00000|  0%| F|  |TAMS 0x00000000e0c00000| PB 0x00000000e0c00000| Untracked 
|  13|0x00000000e0d00000, 0x00000000e0d00000, 0x00000000e0e00000|  0%| F|  |TAMS 0x00000000e0d00000| PB 0x00000000e0d00000| Untracked 
|  14|0x00000000e0e00000, 0x00000000e0e00000, 0x00000000e0f00000|  0%| F|  |TAMS 0x00000000e0e00000| PB 0x00000000e0e00000| Untracked 
|  15|0x00000000e0f00000, 0x00000000e0f00000, 0x00000000e1000000|  0%| F|  |TAMS 0x00000000e0f00000| PB 0x00000000e0f00000| Untracked 
|  16|0x00000000e1000000, 0x00000000e1000000, 0x00000000e1100000|  0%| F|  |TAMS 0x00000000e1000000| PB 0x00000000e1000000| Untracked 
|  17|0x00000000e1100000, 0x00000000e1100000, 0x00000000e1200000|  0%| F|  |TAMS 0x00000000e1100000| PB 0x00000000e1100000| Untracked 
|  18|0x00000000e1200000, 0x00000000e1200000, 0x00000000e1300000|  0%| F|  |TAMS 0x00000000e1200000| PB 0x00000000e1200000| Untracked 
|  19|0x00000000e1300000, 0x00000000e1300000, 0x00000000e1400000|  0%| F|  |TAMS 0x00000000e1300000| PB 0x00000000e1300000| Untracked 
|  20|0x00000000e1400000, 0x00000000e1400000, 0x00000000e1500000|  0%| F|  |TAMS 0x00000000e1400000| PB 0x00000000e1400000| Untracked 
|  21|0x00000000e1500000, 0x00000000e1500000, 0x00000000e1600000|  0%| F|  |TAMS 0x00000000e1500000| PB 0x00000000e1500000| Untracked 
|  22|0x00000000e1600000, 0x00000000e1600000, 0x00000000e1700000|  0%| F|  |TAMS 0x00000000e1600000| PB 0x00000000e1600000| Untracked 
|  23|0x00000000e1700000, 0x00000000e1700000, 0x00000000e1800000|  0%| F|  |TAMS 0x00000000e1700000| PB 0x00000000e1700000| Untracked 
|  24|0x00000000e1800000, 0x00000000e1800000, 0x00000000e1900000|  0%| F|  |TAMS 0x00000000e1800000| PB 0x00000000e1800000| Untracked 
|  25|0x00000000e1900000, 0x00000000e1900000, 0x00000000e1a00000|  0%| F|  |TAMS 0x00000000e1900000| PB 0x00000000e1900000| Untracked 
|  26|0x00000000e1a00000, 0x00000000e1a00000, 0x00000000e1b00000|  0%| F|  |TAMS 0x00000000e1a00000| PB 0x00000000e1a00000| Untracked 
|  27|0x00000000e1b00000, 0x00000000e1b00000, 0x00000000e1c00000|  0%| F|  |TAMS 0x00000000e1b00000| PB 0x00000000e1b00000| Untracked 
|  28|0x00000000e1c00000, 0x00000000e1c00000, 0x00000000e1d00000|  0%| F|  |TAMS 0x00000000e1c00000| PB 0x00000000e1c00000| Untracked 
|  29|0x00000000e1d00000, 0x00000000e1d00000, 0x00000000e1e00000|  0%| F|  |TAMS 0x00000000e1d00000| PB 0x00000000e1d00000| Untracked 
|  30|0x00000000e1e00000, 0x00000000e1e00000, 0x00000000e1f00000|  0%| F|  |TAMS 0x00000000e1e00000| PB 0x00000000e1e00000| Untracked 
|  31|0x00000000e1f00000, 0x00000000e1f00000, 0x00000000e2000000|  0%| F|  |TAMS 0x00000000e1f00000| PB 0x00000000e1f00000| Untracked 
|  32|0x00000000e2000000, 0x00000000e2000000, 0x00000000e2100000|  0%| F|  |TAMS 0x00000000e2000000| PB 0x00000000e2000000| Untracked 
|  33|0x00000000e2100000, 0x00000000e2100000, 0x00000000e2200000|  0%| F|  |TAMS 0x00000000e2100000| PB 0x00000000e2100000| Untracked 
|  34|0x00000000e2200000, 0x00000000e2200000, 0x00000000e2300000|  0%| F|  |TAMS 0x00000000e2200000| PB 0x00000000e2200000| Untracked 
|  35|0x00000000e2300000, 0x00000000e2300000, 0x00000000e2400000|  0%| F|  |TAMS 0x00000000e2300000| PB 0x00000000e2300000| Untracked 
|  36|0x00000000e2400000, 0x00000000e2400000, 0x00000000e2500000|  0%| F|  |TAMS 0x00000000e2400000| PB 0x00000000e2400000| Untracked 
|  37|0x00000000e2500000, 0x00000000e2500000, 0x00000000e2600000|  0%| F|  |TAMS 0x00000000e2500000| PB 0x00000000e2500000| Untracked 
|  38|0x00000000e2600000, 0x00000000e2600000, 0x00000000e2700000|  0%| F|  |TAMS 0x00000000e2600000| PB 0x00000000e2600000| Untracked 
|  39|0x00000000e2700000, 0x00000000e2700000, 0x00000000e2800000|  0%| F|  |TAMS 0x00000000e2700000| PB 0x00000000e2700000| Untracked 
|  40|0x00000000e2800000, 0x00000000e2800000, 0x00000000e2900000|  0%| F|  |TAMS 0x00000000e2800000| PB 0x00000000e2800000| Untracked 
|  41|0x00000000e2900000, 0x00000000e2900000, 0x00000000e2a00000|  0%| F|  |TAMS 0x00000000e2900000| PB 0x00000000e2900000| Untracked 
|  42|0x00000000e2a00000, 0x00000000e2a00000, 0x00000000e2b00000|  0%| F|  |TAMS 0x00000000e2a00000| PB 0x00000000e2a00000| Untracked 
|  43|0x00000000e2b00000, 0x00000000e2b00000, 0x00000000e2c00000|  0%| F|  |TAMS 0x00000000e2b00000| PB 0x00000000e2b00000| Untracked 
|  44|0x00000000e2c00000, 0x00000000e2c00000, 0x00000000e2d00000|  0%| F|  |TAMS 0x00000000e2c00000| PB 0x00000000e2c00000| Untracked 
|  45|0x00000000e2d00000, 0x00000000e2d00000, 0x00000000e2e00000|  0%| F|  |TAMS 0x00000000e2d00000| PB 0x00000000e2d00000| Untracked 
|  46|0x00000000e2e00000, 0x00000000e2e00000, 0x00000000e2f00000|  0%| F|  |TAMS 0x00000000e2e00000| PB 0x00000000e2e00000| Untracked 
|  47|0x00000000e2f00000, 0x00000000e2f00000, 0x00000000e3000000|  0%| F|  |TAMS 0x00000000e2f00000| PB 0x00000000e2f00000| Untracked 
|  48|0x00000000e3000000, 0x00000000e3000000, 0x00000000e3100000|  0%| F|  |TAMS 0x00000000e3000000| PB 0x00000000e3000000| Untracked 
|  49|0x00000000e3100000, 0x00000000e3100000, 0x00000000e3200000|  0%| F|  |TAMS 0x00000000e3100000| PB 0x00000000e3100000| Untracked 
|  50|0x00000000e3200000, 0x00000000e3200000, 0x00000000e3300000|  0%| F|  |TAMS 0x00000000e3200000| PB 0x00000000e3200000| Untracked 
|  51|0x00000000e3300000, 0x00000000e3300000, 0x00000000e3400000|  0%| F|  |TAMS 0x00000000e3300000| PB 0x00000000e3300000| Untracked 
|  52|0x00000000e3400000, 0x00000000e3400000, 0x00000000e3500000|  0%| F|  |TAMS 0x00000000e3400000| PB 0x00000000e3400000| Untracked 
|  53|0x00000000e3500000, 0x00000000e3500000, 0x00000000e3600000|  0%| F|  |TAMS 0x00000000e3500000| PB 0x00000000e3500000| Untracked 
|  54|0x00000000e3600000, 0x00000000e3600000, 0x00000000e3700000|  0%| F|  |TAMS 0x00000000e3600000| PB 0x00000000e3600000| Untracked 
|  55|0x00000000e3700000, 0x00000000e3700000, 0x00000000e3800000|  0%| F|  |TAMS 0x00000000e3700000| PB 0x00000000e3700000| Untracked 
|  56|0x00000000e3800000, 0x00000000e3800000, 0x00000000e3900000|  0%| F|  |TAMS 0x00000000e3800000| PB 0x00000000e3800000| Untracked 
|  57|0x00000000e3900000, 0x00000000e3900000, 0x00000000e3a00000|  0%| F|  |TAMS 0x00000000e3900000| PB 0x00000000e3900000| Untracked 
|  58|0x00000000e3a00000, 0x00000000e3a00000, 0x00000000e3b00000|  0%| F|  |TAMS 0x00000000e3a00000| PB 0x00000000e3a00000| Untracked 
|  59|0x00000000e3b00000, 0x00000000e3b00000, 0x00000000e3c00000|  0%| F|  |TAMS 0x00000000e3b00000| PB 0x00000000e3b00000| Untracked 
|  60|0x00000000e3c00000, 0x00000000e3c00000, 0x00000000e3d00000|  0%| F|  |TAMS 0x00000000e3c00000| PB 0x00000000e3c00000| Untracked 
|  61|0x00000000e3d00000, 0x00000000e3d00000, 0x00000000e3e00000|  0%| F|  |TAMS 0x00000000e3d00000| PB 0x00000000e3d00000| Untracked 
|  62|0x00000000e3e00000, 0x00000000e3e00000, 0x00000000e3f00000|  0%| F|  |TAMS 0x00000000e3e00000| PB 0x00000000e3e00000| Untracked 
|  63|0x00000000e3f00000, 0x00000000e3f00000, 0x00000000e4000000|  0%| F|  |TAMS 0x00000000e3f00000| PB 0x00000000e3f00000| Untracked 
|  64|0x00000000e4000000, 0x00000000e4000000, 0x00000000e4100000|  0%| F|  |TAMS 0x00000000e4000000| PB 0x00000000e4000000| Untracked 
|  65|0x00000000e4100000, 0x00000000e4100000, 0x00000000e4200000|  0%| F|  |TAMS 0x00000000e4100000| PB 0x00000000e4100000| Untracked 
|  66|0x00000000e4200000, 0x00000000e4200000, 0x00000000e4300000|  0%| F|  |TAMS 0x00000000e4200000| PB 0x00000000e4200000| Untracked 
|  67|0x00000000e4300000, 0x00000000e4300000, 0x00000000e4400000|  0%| F|  |TAMS 0x00000000e4300000| PB 0x00000000e4300000| Untracked 
|  68|0x00000000e4400000, 0x00000000e4400000, 0x00000000e4500000|  0%| F|  |TAMS 0x00000000e4400000| PB 0x00000000e4400000| Untracked 
|  69|0x00000000e4500000, 0x00000000e4500000, 0x00000000e4600000|  0%| F|  |TAMS 0x00000000e4500000| PB 0x00000000e4500000| Untracked 
|  70|0x00000000e4600000, 0x00000000e4600000, 0x00000000e4700000|  0%| F|  |TAMS 0x00000000e4600000| PB 0x00000000e4600000| Untracked 
|  71|0x00000000e4700000, 0x00000000e4700000, 0x00000000e4800000|  0%| F|  |TAMS 0x00000000e4700000| PB 0x00000000e4700000| Untracked 
|  72|0x00000000e4800000, 0x00000000e4800000, 0x00000000e4900000|  0%| F|  |TAMS 0x00000000e4800000| PB 0x00000000e4800000| Untracked 
|  73|0x00000000e4900000, 0x00000000e4900000, 0x00000000e4a00000|  0%| F|  |TAMS 0x00000000e4900000| PB 0x00000000e4900000| Untracked 
|  74|0x00000000e4a00000, 0x00000000e4a00000, 0x00000000e4b00000|  0%| F|  |TAMS 0x00000000e4a00000| PB 0x00000000e4a00000| Untracked 
|  75|0x00000000e4b00000, 0x00000000e4b00000, 0x00000000e4c00000|  0%| F|  |TAMS 0x00000000e4b00000| PB 0x00000000e4b00000| Untracked 
|  76|0x00000000e4c00000, 0x00000000e4c00000, 0x00000000e4d00000|  0%| F|  |TAMS 0x00000000e4c00000| PB 0x00000000e4c00000| Untracked 
|  77|0x00000000e4d00000, 0x00000000e4d00000, 0x00000000e4e00000|  0%| F|  |TAMS 0x00000000e4d00000| PB 0x00000000e4d00000| Untracked 
|  78|0x00000000e4e00000, 0x00000000e4e00000, 0x00000000e4f00000|  0%| F|  |TAMS 0x00000000e4e00000| PB 0x00000000e4e00000| Untracked 
|  79|0x00000000e4f00000, 0x00000000e4f00000, 0x00000000e5000000|  0%| F|  |TAMS 0x00000000e4f00000| PB 0x00000000e4f00000| Untracked 
|  80|0x00000000e5000000, 0x00000000e5000000, 0x00000000e5100000|  0%| F|  |TAMS 0x00000000e5000000| PB 0x00000000e5000000| Untracked 
|  81|0x00000000e5100000, 0x00000000e5100000, 0x00000000e5200000|  0%| F|  |TAMS 0x00000000e5100000| PB 0x00000000e5100000| Untracked 
|  82|0x00000000e5200000, 0x00000000e5200000, 0x00000000e5300000|  0%| F|  |TAMS 0x00000000e5200000| PB 0x00000000e5200000| Untracked 
|  83|0x00000000e5300000, 0x00000000e5300000, 0x00000000e5400000|  0%| F|  |TAMS 0x00000000e5300000| PB 0x00000000e5300000| Untracked 
|  84|0x00000000e5400000, 0x00000000e5400000, 0x00000000e5500000|  0%| F|  |TAMS 0x00000000e5400000| PB 0x00000000e5400000| Untracked 
|  85|0x00000000e5500000, 0x00000000e5500000, 0x00000000e5600000|  0%| F|  |TAMS 0x00000000e5500000| PB 0x00000000e5500000| Untracked 
|  86|0x00000000e5600000, 0x00000000e5600000, 0x00000000e5700000|  0%| F|  |TAMS 0x00000000e5600000| PB 0x00000000e5600000| Untracked 
|  87|0x00000000e5700000, 0x00000000e5700000, 0x00000000e5800000|  0%| F|  |TAMS 0x00000000e5700000| PB 0x00000000e5700000| Untracked 
|  88|0x00000000e5800000, 0x00000000e5800000, 0x00000000e5900000|  0%| F|  |TAMS 0x00000000e5800000| PB 0x00000000e5800000| Untracked 
|  89|0x00000000e5900000, 0x00000000e5900000, 0x00000000e5a00000|  0%| F|  |TAMS 0x00000000e5900000| PB 0x00000000e5900000| Untracked 
|  90|0x00000000e5a00000, 0x00000000e5a00000, 0x00000000e5b00000|  0%| F|  |TAMS 0x00000000e5a00000| PB 0x00000000e5a00000| Untracked 
|  91|0x00000000e5b00000, 0x00000000e5b00000, 0x00000000e5c00000|  0%| F|  |TAMS 0x00000000e5b00000| PB 0x00000000e5b00000| Untracked 
|  92|0x00000000e5c00000, 0x00000000e5c00000, 0x00000000e5d00000|  0%| F|  |TAMS 0x00000000e5c00000| PB 0x00000000e5c00000| Untracked 
|  93|0x00000000e5d00000, 0x00000000e5d00000, 0x00000000e5e00000|  0%| F|  |TAMS 0x00000000e5d00000| PB 0x00000000e5d00000| Untracked 
|  94|0x00000000e5e00000, 0x00000000e5e00000, 0x00000000e5f00000|  0%| F|  |TAMS 0x00000000e5e00000| PB 0x00000000e5e00000| Untracked 
|  95|0x00000000e5f00000, 0x00000000e5f00000, 0x00000000e6000000|  0%| F|  |TAMS 0x00000000e5f00000| PB 0x00000000e5f00000| Untracked 
|  96|0x00000000e6000000, 0x00000000e6000000, 0x00000000e6100000|  0%| F|  |TAMS 0x00000000e6000000| PB 0x00000000e6000000| Untracked 
|  97|0x00000000e6100000, 0x00000000e6100000, 0x00000000e6200000|  0%| F|  |TAMS 0x00000000e6100000| PB 0x00000000e6100000| Untracked 
|  98|0x00000000e6200000, 0x00000000e6200000, 0x00000000e6300000|  0%| F|  |TAMS 0x00000000e6200000| PB 0x00000000e6200000| Untracked 
|  99|0x00000000e6300000, 0x00000000e6300000, 0x00000000e6400000|  0%| F|  |TAMS 0x00000000e6300000| PB 0x00000000e6300000| Untracked 
| 100|0x00000000e6400000, 0x00000000e6400000, 0x00000000e6500000|  0%| F|  |TAMS 0x00000000e6400000| PB 0x00000000e6400000| Untracked 
| 101|0x00000000e6500000, 0x00000000e6500000, 0x00000000e6600000|  0%| F|  |TAMS 0x00000000e6500000| PB 0x00000000e6500000| Untracked 
| 102|0x00000000e6600000, 0x00000000e6600000, 0x00000000e6700000|  0%| F|  |TAMS 0x00000000e6600000| PB 0x00000000e6600000| Untracked 
| 103|0x00000000e6700000, 0x00000000e6700000, 0x00000000e6800000|  0%| F|  |TAMS 0x00000000e6700000| PB 0x00000000e6700000| Untracked 
| 104|0x00000000e6800000, 0x00000000e6800000, 0x00000000e6900000|  0%| F|  |TAMS 0x00000000e6800000| PB 0x00000000e6800000| Untracked 
| 105|0x00000000e6900000, 0x00000000e6900000, 0x00000000e6a00000|  0%| F|  |TAMS 0x00000000e6900000| PB 0x00000000e6900000| Untracked 
| 106|0x00000000e6a00000, 0x00000000e6a00000, 0x00000000e6b00000|  0%| F|  |TAMS 0x00000000e6a00000| PB 0x00000000e6a00000| Untracked 
| 107|0x00000000e6b00000, 0x00000000e6b00000, 0x00000000e6c00000|  0%| F|  |TAMS 0x00000000e6b00000| PB 0x00000000e6b00000| Untracked 
| 108|0x00000000e6c00000, 0x00000000e6c00000, 0x00000000e6d00000|  0%| F|  |TAMS 0x00000000e6c00000| PB 0x00000000e6c00000| Untracked 
| 109|0x00000000e6d00000, 0x00000000e6d00000, 0x00000000e6e00000|  0%| F|  |TAMS 0x00000000e6d00000| PB 0x00000000e6d00000| Untracked 
| 110|0x00000000e6e00000, 0x00000000e6e00000, 0x00000000e6f00000|  0%| F|  |TAMS 0x00000000e6e00000| PB 0x00000000e6e00000| Untracked 
| 111|0x00000000e6f00000, 0x00000000e6f00000, 0x00000000e7000000|  0%| F|  |TAMS 0x00000000e6f00000| PB 0x00000000e6f00000| Untracked 
| 112|0x00000000e7000000, 0x00000000e7000000, 0x00000000e7100000|  0%| F|  |TAMS 0x00000000e7000000| PB 0x00000000e7000000| Untracked 
| 113|0x00000000e7100000, 0x00000000e7100000, 0x00000000e7200000|  0%| F|  |TAMS 0x00000000e7100000| PB 0x00000000e7100000| Untracked 
| 114|0x00000000e7200000, 0x00000000e7200000, 0x00000000e7300000|  0%| F|  |TAMS 0x00000000e7200000| PB 0x00000000e7200000| Untracked 
| 115|0x00000000e7300000, 0x00000000e7300000, 0x00000000e7400000|  0%| F|  |TAMS 0x00000000e7300000| PB 0x00000000e7300000| Untracked 
| 116|0x00000000e7400000, 0x00000000e7400000, 0x00000000e7500000|  0%| F|  |TAMS 0x00000000e7400000| PB 0x00000000e7400000| Untracked 
| 117|0x00000000e7500000, 0x00000000e7500000, 0x00000000e7600000|  0%| F|  |TAMS 0x00000000e7500000| PB 0x00000000e7500000| Untracked 
| 118|0x00000000e7600000, 0x00000000e7600000, 0x00000000e7700000|  0%| F|  |TAMS 0x00000000e7600000| PB 0x00000000e7600000| Untracked 
| 119|0x00000000e7700000, 0x00000000e7700000, 0x00000000e7800000|  0%| F|  |TAMS 0x00000000e7700000| PB 0x00000000e7700000| Untracked 
| 120|0x00000000e7800000, 0x00000000e7800000, 0x00000000e7900000|  0%| F|  |TAMS 0x00000000e7800000| PB 0x00000000e7800000| Untracked 
| 121|0x00000000e7900000, 0x00000000e7900000, 0x00000000e7a00000|  0%| F|  |TAMS 0x00000000e7900000| PB 0x00000000e7900000| Untracked 
| 122|0x00000000e7a00000, 0x00000000e7a00000, 0x00000000e7b00000|  0%| F|  |TAMS 0x00000000e7a00000| PB 0x00000000e7a00000| Untracked 
| 123|0x00000000e7b00000, 0x00000000e7b00000, 0x00000000e7c00000|  0%| F|  |TAMS 0x00000000e7b00000| PB 0x00000000e7b00000| Untracked 
| 124|0x00000000e7c00000, 0x00000000e7c00000, 0x00000000e7d00000|  0%| F|  |TAMS 0x00000000e7c00000| PB 0x00000000e7c00000| Untracked 
| 125|0x00000000e7d00000, 0x00000000e7d00000, 0x00000000e7e00000|  0%| F|  |TAMS 0x00000000e7d00000| PB 0x00000000e7d00000| Untracked 
| 126|0x00000000e7e00000, 0x00000000e7e00000, 0x00000000e7f00000|  0%| F|  |TAMS 0x00000000e7e00000| PB 0x00000000e7e00000| Untracked 
| 127|0x00000000e7f00000, 0x00000000e7f00000, 0x00000000e8000000|  0%| F|  |TAMS 0x00000000e7f00000| PB 0x00000000e7f00000| Untracked 
| 128|0x00000000e8000000, 0x00000000e8000000, 0x00000000e8100000|  0%| F|  |TAMS 0x00000000e8000000| PB 0x00000000e8000000| Untracked 
| 129|0x00000000e8100000, 0x00000000e8100000, 0x00000000e8200000|  0%| F|  |TAMS 0x00000000e8100000| PB 0x00000000e8100000| Untracked 
| 130|0x00000000e8200000, 0x00000000e8200000, 0x00000000e8300000|  0%| F|  |TAMS 0x00000000e8200000| PB 0x00000000e8200000| Untracked 
| 131|0x00000000e8300000, 0x00000000e8300000, 0x00000000e8400000|  0%| F|  |TAMS 0x00000000e8300000| PB 0x00000000e8300000| Untracked 
| 132|0x00000000e8400000, 0x00000000e8400000, 0x00000000e8500000|  0%| F|  |TAMS 0x00000000e8400000| PB 0x00000000e8400000| Untracked 
| 133|0x00000000e8500000, 0x00000000e8500000, 0x00000000e8600000|  0%| F|  |TAMS 0x00000000e8500000| PB 0x00000000e8500000| Untracked 
| 134|0x00000000e8600000, 0x00000000e8600000, 0x00000000e8700000|  0%| F|  |TAMS 0x00000000e8600000| PB 0x00000000e8600000| Untracked 
| 135|0x00000000e8700000, 0x00000000e8700000, 0x00000000e8800000|  0%| F|  |TAMS 0x00000000e8700000| PB 0x00000000e8700000| Untracked 
| 136|0x00000000e8800000, 0x00000000e88d4fc0, 0x00000000e8900000| 83%| S|CS|TAMS 0x00000000e8800000| PB 0x00000000e8800000| Complete 
| 137|0x00000000e8900000, 0x00000000e8a00000, 0x00000000e8a00000|100%| S|CS|TAMS 0x00000000e8900000| PB 0x00000000e8900000| Complete 
| 138|0x00000000e8a00000, 0x00000000e8b00000, 0x00000000e8b00000|100%| S|CS|TAMS 0x00000000e8a00000| PB 0x00000000e8a00000| Complete 
| 139|0x00000000e8b00000, 0x00000000e8c00000, 0x00000000e8c00000|100%| S|CS|TAMS 0x00000000e8b00000| PB 0x00000000e8b00000| Complete 
| 140|0x00000000e8c00000, 0x00000000e8d00000, 0x00000000e8d00000|100%| S|CS|TAMS 0x00000000e8c00000| PB 0x00000000e8c00000| Complete 
| 141|0x00000000e8d00000, 0x00000000e8e00000, 0x00000000e8e00000|100%| S|CS|TAMS 0x00000000e8d00000| PB 0x00000000e8d00000| Complete 
| 142|0x00000000e8e00000, 0x00000000e8f00000, 0x00000000e8f00000|100%| S|CS|TAMS 0x00000000e8e00000| PB 0x00000000e8e00000| Complete 
| 143|0x00000000e8f00000, 0x00000000e9000000, 0x00000000e9000000|100%| S|CS|TAMS 0x00000000e8f00000| PB 0x00000000e8f00000| Complete 
| 144|0x00000000e9000000, 0x00000000e9100000, 0x00000000e9100000|100%| S|CS|TAMS 0x00000000e9000000| PB 0x00000000e9000000| Complete 
| 145|0x00000000e9100000, 0x00000000e9200000, 0x00000000e9200000|100%| S|CS|TAMS 0x00000000e9100000| PB 0x00000000e9100000| Complete 
| 146|0x00000000e9200000, 0x00000000e9300000, 0x00000000e9300000|100%| S|CS|TAMS 0x00000000e9200000| PB 0x00000000e9200000| Complete 
| 147|0x00000000e9300000, 0x00000000e9400000, 0x00000000e9400000|100%| S|CS|TAMS 0x00000000e9300000| PB 0x00000000e9300000| Complete 
| 148|0x00000000e9400000, 0x00000000e9500000, 0x00000000e9500000|100%| S|CS|TAMS 0x00000000e9400000| PB 0x00000000e9400000| Complete 
| 149|0x00000000e9500000, 0x00000000e9600000, 0x00000000e9600000|100%| S|CS|TAMS 0x00000000e9500000| PB 0x00000000e9500000| Complete 
| 150|0x00000000e9600000, 0x00000000e9600000, 0x00000000e9700000|  0%| F|  |TAMS 0x00000000e9600000| PB 0x00000000e9600000| Untracked 
| 151|0x00000000e9700000, 0x00000000e9700000, 0x00000000e9800000|  0%| F|  |TAMS 0x00000000e9700000| PB 0x00000000e9700000| Untracked 
| 152|0x00000000e9800000, 0x00000000e9800000, 0x00000000e9900000|  0%| F|  |TAMS 0x00000000e9800000| PB 0x00000000e9800000| Untracked 
| 153|0x00000000e9900000, 0x00000000e9900000, 0x00000000e9a00000|  0%| F|  |TAMS 0x00000000e9900000| PB 0x00000000e9900000| Untracked 
| 154|0x00000000e9a00000, 0x00000000e9a00000, 0x00000000e9b00000|  0%| F|  |TAMS 0x00000000e9a00000| PB 0x00000000e9a00000| Untracked 
| 155|0x00000000e9b00000, 0x00000000e9b00000, 0x00000000e9c00000|  0%| F|  |TAMS 0x00000000e9b00000| PB 0x00000000e9b00000| Untracked 
| 156|0x00000000e9c00000, 0x00000000e9c00000, 0x00000000e9d00000|  0%| F|  |TAMS 0x00000000e9c00000| PB 0x00000000e9c00000| Untracked 
| 157|0x00000000e9d00000, 0x00000000e9d00000, 0x00000000e9e00000|  0%| F|  |TAMS 0x00000000e9d00000| PB 0x00000000e9d00000| Untracked 
| 158|0x00000000e9e00000, 0x00000000e9e00000, 0x00000000e9f00000|  0%| F|  |TAMS 0x00000000e9e00000| PB 0x00000000e9e00000| Untracked 
| 159|0x00000000e9f00000, 0x00000000e9f00000, 0x00000000ea000000|  0%| F|  |TAMS 0x00000000e9f00000| PB 0x00000000e9f00000| Untracked 
| 160|0x00000000ea000000, 0x00000000ea000000, 0x00000000ea100000|  0%| F|  |TAMS 0x00000000ea000000| PB 0x00000000ea000000| Untracked 
| 161|0x00000000ea100000, 0x00000000ea100000, 0x00000000ea200000|  0%| F|  |TAMS 0x00000000ea100000| PB 0x00000000ea100000| Untracked 
| 162|0x00000000ea200000, 0x00000000ea200000, 0x00000000ea300000|  0%| F|  |TAMS 0x00000000ea200000| PB 0x00000000ea200000| Untracked 
| 163|0x00000000ea300000, 0x00000000ea300000, 0x00000000ea400000|  0%| F|  |TAMS 0x00000000ea300000| PB 0x00000000ea300000| Untracked 
| 164|0x00000000ea400000, 0x00000000ea400000, 0x00000000ea500000|  0%| F|  |TAMS 0x00000000ea400000| PB 0x00000000ea400000| Untracked 
| 165|0x00000000ea500000, 0x00000000ea500000, 0x00000000ea600000|  0%| F|  |TAMS 0x00000000ea500000| PB 0x00000000ea500000| Untracked 
| 166|0x00000000ea600000, 0x00000000ea600000, 0x00000000ea700000|  0%| F|  |TAMS 0x00000000ea600000| PB 0x00000000ea600000| Untracked 
| 167|0x00000000ea700000, 0x00000000ea700000, 0x00000000ea800000|  0%| F|  |TAMS 0x00000000ea700000| PB 0x00000000ea700000| Untracked 
| 168|0x00000000ea800000, 0x00000000ea800000, 0x00000000ea900000|  0%| F|  |TAMS 0x00000000ea800000| PB 0x00000000ea800000| Untracked 
| 169|0x00000000ea900000, 0x00000000ea900000, 0x00000000eaa00000|  0%| F|  |TAMS 0x00000000ea900000| PB 0x00000000ea900000| Untracked 
| 170|0x00000000eaa00000, 0x00000000eaa00000, 0x00000000eab00000|  0%| F|  |TAMS 0x00000000eaa00000| PB 0x00000000eaa00000| Untracked 
| 171|0x00000000eab00000, 0x00000000eab00000, 0x00000000eac00000|  0%| F|  |TAMS 0x00000000eab00000| PB 0x00000000eab00000| Untracked 
| 172|0x00000000eac00000, 0x00000000eac00000, 0x00000000ead00000|  0%| F|  |TAMS 0x00000000eac00000| PB 0x00000000eac00000| Untracked 
| 173|0x00000000ead00000, 0x00000000ead00000, 0x00000000eae00000|  0%| F|  |TAMS 0x00000000ead00000| PB 0x00000000ead00000| Untracked 
| 174|0x00000000eae00000, 0x00000000eae00000, 0x00000000eaf00000|  0%| F|  |TAMS 0x00000000eae00000| PB 0x00000000eae00000| Untracked 
| 175|0x00000000eaf00000, 0x00000000eaf00000, 0x00000000eb000000|  0%| F|  |TAMS 0x00000000eaf00000| PB 0x00000000eaf00000| Untracked 
| 176|0x00000000eb000000, 0x00000000eb000000, 0x00000000eb100000|  0%| F|  |TAMS 0x00000000eb000000| PB 0x00000000eb000000| Untracked 
| 177|0x00000000eb100000, 0x00000000eb100000, 0x00000000eb200000|  0%| F|  |TAMS 0x00000000eb100000| PB 0x00000000eb100000| Untracked 
| 178|0x00000000eb200000, 0x00000000eb200000, 0x00000000eb300000|  0%| F|  |TAMS 0x00000000eb200000| PB 0x00000000eb200000| Untracked 
| 179|0x00000000eb300000, 0x00000000eb300000, 0x00000000eb400000|  0%| F|  |TAMS 0x00000000eb300000| PB 0x00000000eb300000| Untracked 
| 180|0x00000000eb400000, 0x00000000eb400000, 0x00000000eb500000|  0%| F|  |TAMS 0x00000000eb400000| PB 0x00000000eb400000| Untracked 
| 181|0x00000000eb500000, 0x00000000eb500000, 0x00000000eb600000|  0%| F|  |TAMS 0x00000000eb500000| PB 0x00000000eb500000| Untracked 
| 182|0x00000000eb600000, 0x00000000eb600000, 0x00000000eb700000|  0%| F|  |TAMS 0x00000000eb600000| PB 0x00000000eb600000| Untracked 
| 183|0x00000000eb700000, 0x00000000eb700000, 0x00000000eb800000|  0%| F|  |TAMS 0x00000000eb700000| PB 0x00000000eb700000| Untracked 
| 184|0x00000000eb800000, 0x00000000eb800000, 0x00000000eb900000|  0%| F|  |TAMS 0x00000000eb800000| PB 0x00000000eb800000| Untracked 
| 185|0x00000000eb900000, 0x00000000eb900000, 0x00000000eba00000|  0%| F|  |TAMS 0x00000000eb900000| PB 0x00000000eb900000| Untracked 
| 186|0x00000000eba00000, 0x00000000eba00000, 0x00000000ebb00000|  0%| F|  |TAMS 0x00000000eba00000| PB 0x00000000eba00000| Untracked 
| 187|0x00000000ebb00000, 0x00000000ebb00000, 0x00000000ebc00000|  0%| F|  |TAMS 0x00000000ebb00000| PB 0x00000000ebb00000| Untracked 
| 188|0x00000000ebc00000, 0x00000000ebc00000, 0x00000000ebd00000|  0%| F|  |TAMS 0x00000000ebc00000| PB 0x00000000ebc00000| Untracked 
| 189|0x00000000ebd00000, 0x00000000ebd00000, 0x00000000ebe00000|  0%| F|  |TAMS 0x00000000ebd00000| PB 0x00000000ebd00000| Untracked 
| 190|0x00000000ebe00000, 0x00000000ebe00000, 0x00000000ebf00000|  0%| F|  |TAMS 0x00000000ebe00000| PB 0x00000000ebe00000| Untracked 
| 191|0x00000000ebf00000, 0x00000000ebf00000, 0x00000000ec000000|  0%| F|  |TAMS 0x00000000ebf00000| PB 0x00000000ebf00000| Untracked 
| 192|0x00000000ec000000, 0x00000000ec000000, 0x00000000ec100000|  0%| F|  |TAMS 0x00000000ec000000| PB 0x00000000ec000000| Untracked 
| 193|0x00000000ec100000, 0x00000000ec100000, 0x00000000ec200000|  0%| F|  |TAMS 0x00000000ec100000| PB 0x00000000ec100000| Untracked 
| 194|0x00000000ec200000, 0x00000000ec200000, 0x00000000ec300000|  0%| F|  |TAMS 0x00000000ec200000| PB 0x00000000ec200000| Untracked 
| 195|0x00000000ec300000, 0x00000000ec300000, 0x00000000ec400000|  0%| F|  |TAMS 0x00000000ec300000| PB 0x00000000ec300000| Untracked 
| 196|0x00000000ec400000, 0x00000000ec400000, 0x00000000ec500000|  0%| F|  |TAMS 0x00000000ec400000| PB 0x00000000ec400000| Untracked 
| 197|0x00000000ec500000, 0x00000000ec500000, 0x00000000ec600000|  0%| F|  |TAMS 0x00000000ec500000| PB 0x00000000ec500000| Untracked 
| 198|0x00000000ec600000, 0x00000000ec600000, 0x00000000ec700000|  0%| F|  |TAMS 0x00000000ec600000| PB 0x00000000ec600000| Untracked 
| 199|0x00000000ec700000, 0x00000000ec700000, 0x00000000ec800000|  0%| F|  |TAMS 0x00000000ec700000| PB 0x00000000ec700000| Untracked 
| 200|0x00000000ec800000, 0x00000000ec800000, 0x00000000ec900000|  0%| F|  |TAMS 0x00000000ec800000| PB 0x00000000ec800000| Untracked 
| 201|0x00000000ec900000, 0x00000000ec900000, 0x00000000eca00000|  0%| F|  |TAMS 0x00000000ec900000| PB 0x00000000ec900000| Untracked 
| 202|0x00000000eca00000, 0x00000000eca00000, 0x00000000ecb00000|  0%| F|  |TAMS 0x00000000eca00000| PB 0x00000000eca00000| Untracked 
| 203|0x00000000ecb00000, 0x00000000ecb00000, 0x00000000ecc00000|  0%| F|  |TAMS 0x00000000ecb00000| PB 0x00000000ecb00000| Untracked 
| 204|0x00000000ecc00000, 0x00000000ecc00000, 0x00000000ecd00000|  0%| F|  |TAMS 0x00000000ecc00000| PB 0x00000000ecc00000| Untracked 
| 205|0x00000000ecd00000, 0x00000000ecd00000, 0x00000000ece00000|  0%| F|  |TAMS 0x00000000ecd00000| PB 0x00000000ecd00000| Untracked 
| 206|0x00000000ece00000, 0x00000000ece00000, 0x00000000ecf00000|  0%| F|  |TAMS 0x00000000ece00000| PB 0x00000000ece00000| Untracked 
| 207|0x00000000ecf00000, 0x00000000ecf00000, 0x00000000ed000000|  0%| F|  |TAMS 0x00000000ecf00000| PB 0x00000000ecf00000| Untracked 
| 208|0x00000000ed000000, 0x00000000ed000000, 0x00000000ed100000|  0%| F|  |TAMS 0x00000000ed000000| PB 0x00000000ed000000| Untracked 
| 209|0x00000000ed100000, 0x00000000ed100000, 0x00000000ed200000|  0%| F|  |TAMS 0x00000000ed100000| PB 0x00000000ed100000| Untracked 
| 210|0x00000000ed200000, 0x00000000ed200000, 0x00000000ed300000|  0%| F|  |TAMS 0x00000000ed200000| PB 0x00000000ed200000| Untracked 
| 211|0x00000000ed300000, 0x00000000ed300000, 0x00000000ed400000|  0%| F|  |TAMS 0x00000000ed300000| PB 0x00000000ed300000| Untracked 
| 212|0x00000000ed400000, 0x00000000ed400000, 0x00000000ed500000|  0%| F|  |TAMS 0x00000000ed400000| PB 0x00000000ed400000| Untracked 
| 213|0x00000000ed500000, 0x00000000ed500000, 0x00000000ed600000|  0%| F|  |TAMS 0x00000000ed500000| PB 0x00000000ed500000| Untracked 
| 214|0x00000000ed600000, 0x00000000ed600000, 0x00000000ed700000|  0%| F|  |TAMS 0x00000000ed600000| PB 0x00000000ed600000| Untracked 
| 215|0x00000000ed700000, 0x00000000ed700000, 0x00000000ed800000|  0%| F|  |TAMS 0x00000000ed700000| PB 0x00000000ed700000| Untracked 
| 216|0x00000000ed800000, 0x00000000ed800000, 0x00000000ed900000|  0%| F|  |TAMS 0x00000000ed800000| PB 0x00000000ed800000| Untracked 
| 217|0x00000000ed900000, 0x00000000ed900000, 0x00000000eda00000|  0%| F|  |TAMS 0x00000000ed900000| PB 0x00000000ed900000| Untracked 
| 218|0x00000000eda00000, 0x00000000eda00000, 0x00000000edb00000|  0%| F|  |TAMS 0x00000000eda00000| PB 0x00000000eda00000| Untracked 
| 219|0x00000000edb00000, 0x00000000edb00000, 0x00000000edc00000|  0%| F|  |TAMS 0x00000000edb00000| PB 0x00000000edb00000| Untracked 
| 220|0x00000000edc00000, 0x00000000edc00000, 0x00000000edd00000|  0%| F|  |TAMS 0x00000000edc00000| PB 0x00000000edc00000| Untracked 
| 221|0x00000000edd00000, 0x00000000edd00000, 0x00000000ede00000|  0%| F|  |TAMS 0x00000000edd00000| PB 0x00000000edd00000| Untracked 
| 222|0x00000000ede00000, 0x00000000ede00000, 0x00000000edf00000|  0%| F|  |TAMS 0x00000000ede00000| PB 0x00000000ede00000| Untracked 
| 223|0x00000000edf00000, 0x00000000edf00000, 0x00000000ee000000|  0%| F|  |TAMS 0x00000000edf00000| PB 0x00000000edf00000| Untracked 
| 224|0x00000000ee000000, 0x00000000ee000000, 0x00000000ee100000|  0%| F|  |TAMS 0x00000000ee000000| PB 0x00000000ee000000| Untracked 
| 225|0x00000000ee100000, 0x00000000ee100000, 0x00000000ee200000|  0%| F|  |TAMS 0x00000000ee100000| PB 0x00000000ee100000| Untracked 
| 226|0x00000000ee200000, 0x00000000ee200000, 0x00000000ee300000|  0%| F|  |TAMS 0x00000000ee200000| PB 0x00000000ee200000| Untracked 
| 227|0x00000000ee300000, 0x00000000ee300000, 0x00000000ee400000|  0%| F|  |TAMS 0x00000000ee300000| PB 0x00000000ee300000| Untracked 
| 228|0x00000000ee400000, 0x00000000ee400000, 0x00000000ee500000|  0%| F|  |TAMS 0x00000000ee400000| PB 0x00000000ee400000| Untracked 
| 229|0x00000000ee500000, 0x00000000ee500000, 0x00000000ee600000|  0%| F|  |TAMS 0x00000000ee500000| PB 0x00000000ee500000| Untracked 
| 230|0x00000000ee600000, 0x00000000ee600000, 0x00000000ee700000|  0%| F|  |TAMS 0x00000000ee600000| PB 0x00000000ee600000| Untracked 
| 231|0x00000000ee700000, 0x00000000ee700000, 0x00000000ee800000|  0%| F|  |TAMS 0x00000000ee700000| PB 0x00000000ee700000| Untracked 
| 232|0x00000000ee800000, 0x00000000ee800000, 0x00000000ee900000|  0%| F|  |TAMS 0x00000000ee800000| PB 0x00000000ee800000| Untracked 
| 233|0x00000000ee900000, 0x00000000ee900000, 0x00000000eea00000|  0%| F|  |TAMS 0x00000000ee900000| PB 0x00000000ee900000| Untracked 
| 234|0x00000000eea00000, 0x00000000eea00000, 0x00000000eeb00000|  0%| F|  |TAMS 0x00000000eea00000| PB 0x00000000eea00000| Untracked 
| 235|0x00000000eeb00000, 0x00000000eeb00000, 0x00000000eec00000|  0%| F|  |TAMS 0x00000000eeb00000| PB 0x00000000eeb00000| Untracked 
| 236|0x00000000eec00000, 0x00000000eec00000, 0x00000000eed00000|  0%| F|  |TAMS 0x00000000eec00000| PB 0x00000000eec00000| Untracked 
| 237|0x00000000eed00000, 0x00000000eed00000, 0x00000000eee00000|  0%| F|  |TAMS 0x00000000eed00000| PB 0x00000000eed00000| Untracked 
| 238|0x00000000eee00000, 0x00000000eee00000, 0x00000000eef00000|  0%| F|  |TAMS 0x00000000eee00000| PB 0x00000000eee00000| Untracked 
| 239|0x00000000eef00000, 0x00000000eef00000, 0x00000000ef000000|  0%| F|  |TAMS 0x00000000eef00000| PB 0x00000000eef00000| Untracked 
| 240|0x00000000ef000000, 0x00000000ef000000, 0x00000000ef100000|  0%| F|  |TAMS 0x00000000ef000000| PB 0x00000000ef000000| Untracked 
| 241|0x00000000ef100000, 0x00000000ef100000, 0x00000000ef200000|  0%| F|  |TAMS 0x00000000ef100000| PB 0x00000000ef100000| Untracked 
| 242|0x00000000ef200000, 0x00000000ef200000, 0x00000000ef300000|  0%| F|  |TAMS 0x00000000ef200000| PB 0x00000000ef200000| Untracked 
| 243|0x00000000ef300000, 0x00000000ef300000, 0x00000000ef400000|  0%| F|  |TAMS 0x00000000ef300000| PB 0x00000000ef300000| Untracked 
| 244|0x00000000ef400000, 0x00000000ef400000, 0x00000000ef500000|  0%| F|  |TAMS 0x00000000ef400000| PB 0x00000000ef400000| Untracked 
| 245|0x00000000ef500000, 0x00000000ef500000, 0x00000000ef600000|  0%| F|  |TAMS 0x00000000ef500000| PB 0x00000000ef500000| Untracked 
| 246|0x00000000ef600000, 0x00000000ef600000, 0x00000000ef700000|  0%| F|  |TAMS 0x00000000ef600000| PB 0x00000000ef600000| Untracked 
| 247|0x00000000ef700000, 0x00000000ef700000, 0x00000000ef800000|  0%| F|  |TAMS 0x00000000ef700000| PB 0x00000000ef700000| Untracked 
| 248|0x00000000ef800000, 0x00000000ef8f2010, 0x00000000ef900000| 94%| E|  |TAMS 0x00000000ef800000| PB 0x00000000ef800000| Complete 
| 249|0x00000000ef900000, 0x00000000efa00000, 0x00000000efa00000|100%| E|CS|TAMS 0x00000000ef900000| PB 0x00000000ef900000| Complete 
| 250|0x00000000efa00000, 0x00000000efb00000, 0x00000000efb00000|100%| E|CS|TAMS 0x00000000efa00000| PB 0x00000000efa00000| Complete 
| 251|0x00000000efb00000, 0x00000000efc00000, 0x00000000efc00000|100%| E|CS|TAMS 0x00000000efb00000| PB 0x00000000efb00000| Complete 
| 252|0x00000000efc00000, 0x00000000efd00000, 0x00000000efd00000|100%| E|CS|TAMS 0x00000000efc00000| PB 0x00000000efc00000| Complete 
| 253|0x00000000efd00000, 0x00000000efe00000, 0x00000000efe00000|100%| E|CS|TAMS 0x00000000efd00000| PB 0x00000000efd00000| Complete 
| 254|0x00000000efe00000, 0x00000000eff00000, 0x00000000eff00000|100%| E|CS|TAMS 0x00000000efe00000| PB 0x00000000efe00000| Complete 
| 255|0x00000000eff00000, 0x00000000f0000000, 0x00000000f0000000|100%| E|CS|TAMS 0x00000000eff00000| PB 0x00000000eff00000| Complete 

Card table byte_map: [0x000001d668b60000,0x000001d668c60000] _byte_map_base: 0x000001d668460000

Marking Bits: (CMBitMap*) 0x000001d651036850
 Bits: [0x000001d668c60000, 0x000001d669460000)

Polling page: 0x000001d64eeb0000

Metaspace:

Usage:
  Non-class:     14.54 MB used.
      Class:      2.35 MB used.
       Both:     16.89 MB used.

Virtual space:
  Non-class space:       64.00 MB reserved,      14.88 MB ( 23%) committed,  1 nodes.
      Class space:      320.00 MB reserved,       2.62 MB ( <1%) committed,  1 nodes.
             Both:      384.00 MB reserved,      17.50 MB (  5%) committed. 

Chunk freelists:
   Non-Class:  1.06 MB
       Class:  13.24 MB
        Both:  14.30 MB

MaxMetaspaceSize: 384.00 MB
CompressedClassSpaceSize: 320.00 MB
Initial GC threshold: 21.00 MB
Current GC threshold: 21.00 MB
CDS: on
 - commit_granule_bytes: 65536.
 - commit_granule_words: 8192.
 - virtual_space_node_default_size: 8388608.
 - enlarge_chunks_in_place: 1.
 - use_allocation_guard: 0.


Internal statistics:

num_allocs_failed_limit: 0.
num_arena_births: 658.
num_arena_deaths: 0.
num_vsnodes_births: 2.
num_vsnodes_deaths: 0.
num_space_committed: 280.
num_space_uncommitted: 0.
num_chunks_returned_to_freelist: 0.
num_chunks_taken_from_freelist: 1272.
num_chunk_merges: 0.
num_chunk_splits: 814.
num_chunks_enlarged: 548.
num_inconsistent_stats: 0.

CodeHeap 'non-profiled nmethods': size=120000Kb used=1380Kb max_used=1380Kb free=118620Kb
 bounds [0x000001d6611f0000, 0x000001d661460000, 0x000001d668720000]
CodeHeap 'profiled nmethods': size=120000Kb used=5742Kb max_used=5742Kb free=114257Kb
 bounds [0x000001d659720000, 0x000001d659cc0000, 0x000001d660c50000]
CodeHeap 'non-nmethods': size=5760Kb used=1405Kb max_used=1417Kb free=4354Kb
 bounds [0x000001d660c50000, 0x000001d660ec0000, 0x000001d6611f0000]
CodeCache: size=245760Kb, used=8527Kb, max_used=8539Kb, free=237231Kb
 total_blobs=3453, nmethods=2889, adapters=468, full_count=0
Compilation: enabled, stopped_count=0, restarted_count=0

Compilation events (20 events):
Event: 29.806 Thread 0x000001d66bee7650 2868   !   3       org.gradle.internal.service.DefaultServiceRegistry$ManagedObjectServiceProvider::getInstance (47 bytes)
Event: 29.807 Thread 0x000001d66bee7650 nmethod 2868 0x000001d659cb3110 code [0x000001d659cb32e0, 0x000001d659cb37d8]
Event: 29.807 Thread 0x000001d66bee7650 2869       3       java.lang.invoke.LambdaFormEditor::filterArgumentForm (121 bytes)
Event: 29.808 Thread 0x000001d66bee7650 nmethod 2869 0x000001d659cb3a10 code [0x000001d659cb3c20, 0x000001d659cb4018]
Event: 29.938 Thread 0x000001d66bee7650 2872       3       org.gradle.launcher.daemon.server.exec.DaemonConnectionBackedEventConsumer$ForwardEvents::moreMessagesToSend (35 bytes)
Event: 29.938 Thread 0x000001d66bee7650 nmethod 2872 0x000001d659cb4290 code [0x000001d659cb4440, 0x000001d659cb46e0]
Event: 29.939 Thread 0x000001d66bee7650 2873   !   3       org.gradle.launcher.daemon.server.exec.DaemonConnectionBackedEventConsumer$ForwardEvents::getNextEvent (27 bytes)
Event: 29.939 Thread 0x000001d66bee7650 nmethod 2873 0x000001d659cb4810 code [0x000001d659cb49c0, 0x000001d659cb4c38]
Event: 30.200 Thread 0x000001d66bee7650 2876       3       java.util.stream.Sink$ChainedReference::cancellationRequested (10 bytes)
Event: 30.200 Thread 0x000001d66bee7650 nmethod 2876 0x000001d659cb4d90 code [0x000001d659cb4f40, 0x000001d659cb5118]
Event: 30.200 Thread 0x000001d66bee7650 2877       3       java.util.stream.StreamSupport::stream (19 bytes)
Event: 30.201 Thread 0x000001d66bee7650 nmethod 2877 0x000001d659cb5210 code [0x000001d659cb5400, 0x000001d659cb5830]
Event: 30.201 Thread 0x000001d66bee7650 2878       3       java.util.stream.StreamOpFlag::fromCharacteristics (37 bytes)
Event: 30.201 Thread 0x000001d66bee7650 nmethod 2878 0x000001d659cb5a10 code [0x000001d659cb5be0, 0x000001d659cb5f00]
Event: 30.201 Thread 0x000001d66bee7650 2879       3       java.util.stream.ReferencePipeline$Head::<init> (8 bytes)
Event: 30.201 Thread 0x000001d66bee7650 nmethod 2879 0x000001d659cb6010 code [0x000001d659cb61c0, 0x000001d659cb6358]
Event: 30.201 Thread 0x000001d66bee7650 2880       3       java.util.stream.ReferencePipeline::<init> (8 bytes)
Event: 30.201 Thread 0x000001d66bee7650 nmethod 2880 0x000001d659cb6410 code [0x000001d659cb65c0, 0x000001d659cb66f8]
Event: 30.201 Thread 0x000001d66bee7650 2881       3       java.util.stream.AbstractPipeline::<init> (55 bytes)
Event: 30.201 Thread 0x000001d66bee7650 nmethod 2881 0x000001d659cb6790 code [0x000001d659cb6940, 0x000001d659cb6c18]

GC Heap History (6 events):
Event: 1.075 GC heap before
{Heap before GC invocations=0 (full 0):
 garbage-first heap   total 262144K, used 23552K [0x00000000e0000000, 0x0000000100000000)
  region size 1024K, 23 young (23552K), 0 survivors (0K)
 Metaspace       used 917K, committed 1088K, reserved 393216K
  class space    used 75K, committed 128K, reserved 327680K
}
Event: 1.080 GC heap after
{Heap after GC invocations=1 (full 0):
 garbage-first heap   total 262144K, used 1663K [0x00000000e0000000, 0x0000000100000000)
  region size 1024K, 2 young (2048K), 2 survivors (2048K)
 Metaspace       used 917K, committed 1088K, reserved 393216K
  class space    used 75K, committed 128K, reserved 327680K
}
Event: 12.773 GC heap before
{Heap before GC invocations=1 (full 0):
 garbage-first heap   total 262144K, used 40575K [0x00000000e0000000, 0x0000000100000000)
  region size 1024K, 38 young (38912K), 2 survivors (2048K)
 Metaspace       used 4465K, committed 4608K, reserved 393216K
  class space    used 562K, committed 640K, reserved 327680K
}
Event: 12.780 GC heap after
{Heap after GC invocations=2 (full 0):
 garbage-first heap   total 262144K, used 11100K [0x00000000e0000000, 0x0000000100000000)
  region size 1024K, 5 young (5120K), 5 survivors (5120K)
 Metaspace       used 4465K, committed 4608K, reserved 393216K
  class space    used 562K, committed 640K, reserved 327680K
}
Event: 22.604 GC heap before
{Heap before GC invocations=2 (full 0):
 garbage-first heap   total 262144K, used 116572K [0x00000000e0000000, 0x0000000100000000)
  region size 1024K, 106 young (108544K), 5 survivors (5120K)
 Metaspace       used 16029K, committed 16512K, reserved 393216K
  class space    used 2189K, committed 2432K, reserved 327680K
}
Event: 23.608 GC heap after
{Heap after GC invocations=3 (full 0):
 garbage-first heap   total 262144K, used 21167K [0x00000000e0000000, 0x0000000100000000)
  region size 1024K, 14 young (14336K), 14 survivors (14336K)
 Metaspace       used 16029K, committed 16512K, reserved 393216K
  class space    used 2189K, committed 2432K, reserved 327680K
}

Dll operation events (15 events):
Event: 0.051 Loaded shared library C:\Users\sksdu_4644\.jdks\corretto-21.0.9\bin\java.dll
Event: 0.134 Loaded shared library C:\Users\sksdu_4644\.jdks\corretto-21.0.9\bin\jsvml.dll
Event: 0.199 Loaded shared library C:\Users\sksdu_4644\.jdks\corretto-21.0.9\bin\zip.dll
Event: 0.207 Loaded shared library C:\Users\sksdu_4644\.jdks\corretto-21.0.9\bin\instrument.dll
Event: 0.223 Loaded shared library C:\Users\sksdu_4644\.jdks\corretto-21.0.9\bin\net.dll
Event: 0.237 Loaded shared library C:\Users\sksdu_4644\.jdks\corretto-21.0.9\bin\nio.dll
Event: 0.242 Loaded shared library C:\Users\sksdu_4644\.jdks\corretto-21.0.9\bin\zip.dll
Event: 1.086 Loaded shared library C:\Users\sksdu_4644\.jdks\corretto-21.0.9\bin\jimage.dll
Event: 4.607 Loaded shared library C:\Users\sksdu_4644\.jdks\corretto-21.0.9\bin\verify.dll
Event: 8.804 Loaded shared library C:\Users\sksdu_4644\.gradle\native\1def1411415f61bf3af743bc5b6707747c0891f09f0c88961ee8f79bc544acac\windows-amd64\native-platform.dll
Event: 8.834 Loaded shared library C:\Users\sksdu_4644\.gradle\native\0.2.7\x86_64-windows-gnu\gradle-fileevents.dll
Event: 19.147 Loaded shared library C:\Users\sksdu_4644\.jdks\corretto-21.0.9\bin\management.dll
Event: 19.154 Loaded shared library C:\Users\sksdu_4644\.jdks\corretto-21.0.9\bin\management_ext.dll
Event: 19.409 Loaded shared library C:\Users\sksdu_4644\.jdks\corretto-21.0.9\bin\extnet.dll
Event: 19.775 Loaded shared library C:\Users\sksdu_4644\.jdks\corretto-21.0.9\bin\sunmscapi.dll

Deoptimization events (20 events):
Event: 21.527 Thread 0x000001d6718a83e0 DEOPT PACKING pc=0x000001d6612efabc sp=0x0000000afd7fecb0
Event: 21.527 Thread 0x000001d6718a83e0 DEOPT UNPACKING pc=0x000001d660ca4422 sp=0x0000000afd7fec50 mode 2
Event: 21.542 Thread 0x000001d671b36ea0 DEOPT PACKING pc=0x000001d65981bdd9 sp=0x0000000afd3fac70
Event: 21.542 Thread 0x000001d671b36ea0 DEOPT UNPACKING pc=0x000001d660ca4bc2 sp=0x0000000afd3fa108 mode 0
Event: 21.580 Thread 0x000001d671b36ea0 Uncommon trap: trap_request=0xffffff45 fr.pc=0x000001d661302d2c relative=0x000000000000008c
Event: 21.580 Thread 0x000001d671b36ea0 Uncommon trap: reason=unstable_if action=reinterpret pc=0x000001d661302d2c method=jdk.internal.misc.Unsafe.convEndian(ZI)I @ 4 c2
Event: 21.580 Thread 0x000001d671b36ea0 DEOPT PACKING pc=0x000001d661302d2c sp=0x0000000afd3fb140
Event: 21.580 Thread 0x000001d671b36ea0 DEOPT UNPACKING pc=0x000001d660ca4422 sp=0x0000000afd3fb048 mode 2
Event: 29.687 Thread 0x000001d671b36ea0 Uncommon trap: trap_request=0xffffff45 fr.pc=0x000001d661214ecc relative=0x0000000000000c8c
Event: 29.687 Thread 0x000001d671b36ea0 Uncommon trap: reason=unstable_if action=reinterpret pc=0x000001d661214ecc method=java.io.WinNTFileSystem.resolve(Ljava/lang/String;Ljava/lang/String;)Ljava/lang/String; @ 19 c2
Event: 29.687 Thread 0x000001d671b36ea0 DEOPT PACKING pc=0x000001d661214ecc sp=0x0000000afd3fb430
Event: 29.687 Thread 0x000001d671b36ea0 DEOPT UNPACKING pc=0x000001d660ca4422 sp=0x0000000afd3fb3d8 mode 2
Event: 29.689 Thread 0x000001d671b36ea0 Uncommon trap: trap_request=0xffffff45 fr.pc=0x000001d66128c69c relative=0x00000000000006bc
Event: 29.690 Thread 0x000001d671b36ea0 Uncommon trap: reason=unstable_if action=reinterpret pc=0x000001d66128c69c method=java.io.File.getName()Ljava/lang/String; @ 16 c2
Event: 29.690 Thread 0x000001d671b36ea0 DEOPT PACKING pc=0x000001d66128c69c sp=0x0000000afd3fb400
Event: 29.690 Thread 0x000001d671b36ea0 DEOPT UNPACKING pc=0x000001d660ca4422 sp=0x0000000afd3fb3d0 mode 2
Event: 29.806 Thread 0x000001d671b36ea0 Uncommon trap: trap_request=0xffffff45 fr.pc=0x000001d66121ad1c relative=0x00000000000000fc
Event: 29.806 Thread 0x000001d671b36ea0 Uncommon trap: reason=unstable_if action=reinterpret pc=0x000001d66121ad1c method=java.util.HashMap.hash(Ljava/lang/Object;)I @ 1 c2
Event: 29.806 Thread 0x000001d671b36ea0 DEOPT PACKING pc=0x000001d66121ad1c sp=0x0000000afd3fc500
Event: 29.806 Thread 0x000001d671b36ea0 DEOPT UNPACKING pc=0x000001d660ca4422 sp=0x0000000afd3fc440 mode 2

Classes loaded (20 events):
Event: 21.578 Loading class sun/security/provider/SHA5 done
Event: 21.578 Loading class sun/security/provider/SHA5$SHA512 done
Event: 21.580 Loading class sun/security/provider/ByteArrayAccess$LE
Event: 21.580 Loading class sun/security/provider/ByteArrayAccess$LE done
Event: 29.688 Loading class java/io/File$TempDirectory
Event: 29.689 Loading class java/io/File$TempDirectory done
Event: 29.724 Loading class java/util/concurrent/Semaphore
Event: 29.725 Loading class java/util/concurrent/Semaphore done
Event: 29.726 Loading class java/nio/file/FileVisitOption
Event: 29.726 Loading class java/nio/file/FileVisitOption done
Event: 29.729 Loading class java/util/stream/ReduceOps$1
Event: 29.729 Loading class java/util/stream/ReduceOps$1 done
Event: 29.729 Loading class java/util/stream/ReduceOps$1ReducingSink
Event: 29.729 Loading class java/util/stream/ReduceOps$1ReducingSink done
Event: 29.731 Loading class java/util/concurrent/LinkedBlockingDeque$Itr
Event: 29.731 Loading class java/util/concurrent/LinkedBlockingDeque$AbstractItr
Event: 29.732 Loading class java/util/concurrent/LinkedBlockingDeque$AbstractItr done
Event: 29.732 Loading class java/util/concurrent/LinkedBlockingDeque$Itr done
Event: 29.741 Loading class java/util/LinkedList$ListItr
Event: 29.741 Loading class java/util/LinkedList$ListItr done

Classes unloaded (0 events):
No events

Classes redefined (0 events):
No events

Internal exceptions (20 events):
Event: 20.017 Thread 0x000001d671b36ea0 Exception <a 'java/lang/NoSuchMethodError'{0x00000000ead25c58}: 'long java.lang.invoke.DirectMethodHandle$Holder.invokeInterface(java.lang.Object, java.lang.Object)'> (0x00000000ead25c58) 
thrown [s\src\hotspot\share\interpreter\linkResolver.cpp, line 773]
Event: 20.125 Thread 0x000001d671b36ea0 Exception <a 'java/lang/NoSuchMethodError'{0x00000000ea95d940}: 'void java.lang.invoke.DirectMethodHandle$Holder.invokeStatic(java.lang.Object, java.lang.Object)'> (0x00000000ea95d940) 
thrown [s\src\hotspot\share\interpreter\linkResolver.cpp, line 773]
Event: 20.133 Thread 0x000001d671b36ea0 Exception <a 'java/lang/NoSuchMethodError'{0x00000000ea997db8}: 'java.lang.Object java.lang.invoke.DirectMethodHandle$Holder.invokeVirtual(java.lang.Object, java.lang.Object, java.lang.Object, java.lang.Object, java.lang.Object, java.lang.Object, java.lang.Object, java.lang.Object, java.lang.Object, java.lang.Object, java.lang.Object, java.lang.Object)'> (0x00000000ea997db8) 
thrown [s\src\hotspot\share\interpreter\linkResolver.cpp, line 773]
Event: 20.133 Thread 0x000001d671b36ea0 Exception <a 'java/lang/NoSuchMethodError'{0x00000000ea99cde0}: 'java.lang.Object java.lang.invoke.DirectMethodHandle$Holder.invokeSpecial(java.lang.Object, java.lang.Object, java.lang.Object, java.lang.Object, java.lang.Object, java.lang.Object, java.lang.Object, java.lang.Object, java.lang.Object, java.lang.Object, java.lang.Object, java.lang.Object, java.lang.Object)'> (0x00000000ea99cde0) 
thrown [s\src\hotspot\share\interpreter\linkResolver.cpp, line 773]
Event: 20.196 Thread 0x000001d671b36ea0 Exception <a 'java/lang/NoSuchMethodError'{0x00000000ea7a98f0}: 'int java.lang.invoke.DirectMethodHandle$Holder.invokeVirtual(java.lang.Object, java.lang.Object, java.lang.Object)'> (0x00000000ea7a98f0) 
thrown [s\src\hotspot\share\interpreter\linkResolver.cpp, line 773]
Event: 20.262 Thread 0x000001d671b36ea0 Exception <a 'java/lang/NoSuchMethodError'{0x00000000ea41e6c0}: 'java.lang.Object java.lang.invoke.DirectMethodHandle$Holder.newInvokeSpecial(java.lang.Object, java.lang.Object, java.lang.Object, java.lang.Object, java.lang.Object, java.lang.Object)'> (0x00000000ea41e6c0) 
thrown [s\src\hotspot\share\interpreter\linkResolver.cpp, line 773]
Event: 20.340 Thread 0x000001d671b36ea0 Exception <a 'java/lang/NoSuchMethodError'{0x00000000ea2f12b0}: 'void java.lang.invoke.DelegatingMethodHandle$Holder.reinvoke_L(java.lang.Object, java.lang.Object, java.lang.Object, java.lang.Object, java.lang.Object, java.lang.Object, java.lang.Object, java.lang.Object, java.lang.Object, java.lang.Object)'> (0x00000000ea2f12b0) 
thrown [s\src\hotspot\share\interpreter\linkResolver.cpp, line 773]
Event: 20.341 Thread 0x000001d671b36ea0 Exception <a 'java/lang/NoSuchMethodError'{0x00000000ea2f8d90}: 'java.lang.Object java.lang.invoke.Invokers$Holder.invoker(java.lang.Object, java.lang.Object, java.lang.Object, java.lang.Object, java.lang.Object, java.lang.Object, java.lang.Object, java.lang.Object, java.lang.Object, java.lang.Object)'> (0x00000000ea2f8d90) 
thrown [s\src\hotspot\share\interpreter\linkResolver.cpp, line 773]
Event: 21.495 Thread 0x000001d671b36ea0 Exception <a 'java/lang/NoSuchMethodError'{0x00000000e9b45280}: 'void java.lang.invoke.DirectMethodHandle$Holder.invokeInterface(java.lang.Object, java.lang.Object)'> (0x00000000e9b45280) 
thrown [s\src\hotspot\share\interpreter\linkResolver.cpp, line 773]
Event: 21.496 Thread 0x000001d671b36ea0 Exception <a 'java/lang/IncompatibleClassChangeError'{0x00000000e9b48800}: Found class java.lang.Object, but interface was expected> (0x00000000e9b48800) 
thrown [s\src\hotspot\share\interpreter\linkResolver.cpp, line 840]
Event: 21.520 Thread 0x000001d671b36ea0 Exception <a 'java/lang/NoSuchMethodError'{0x00000000e9a707f0}: 'java.lang.Object java.lang.invoke.DirectMethodHandle$Holder.newInvokeSpecial(java.lang.Object, java.lang.Object, int)'> (0x00000000e9a707f0) 
thrown [s\src\hotspot\share\interpreter\linkResolver.cpp, line 773]
Event: 22.600 Thread 0x000001d671b36ea0 Exception <a 'java/lang/NoSuchMethodError'{0x00000000e96c74e8}: 'java.lang.Object java.lang.invoke.DirectMethodHandle$Holder.invokeVirtual(java.lang.Object, java.lang.Object, java.lang.Object, java.lang.Object, java.lang.Object, java.lang.Object, java.lang.Object, java.lang.Object)'> (0x00000000e96c74e8) 
thrown [s\src\hotspot\share\interpreter\linkResolver.cpp, line 773]
Event: 29.680 Thread 0x000001d671b36ea0 Exception <a 'java/lang/NoSuchMethodError'{0x00000000eff6c090}: 'java.lang.Object java.lang.invoke.DirectMethodHandle$Holder.invokeVirtual(java.lang.Object, java.lang.Object, java.lang.Object, java.lang.Object, java.lang.Object, java.lang.Object, java.lang.Object, java.lang.Object, java.lang.Object, java.lang.Object)'> (0x00000000eff6c090) 
thrown [s\src\hotspot\share\interpreter\linkResolver.cpp, line 773]
Event: 29.702 Thread 0x000001d671b36ea0 Exception <a 'java/lang/NoSuchMethodError'{0x00000000efe82b10}: 'void java.lang.invoke.DirectMethodHandle$Holder.invokeStatic(java.lang.Object, java.lang.Object, java.lang.Object, java.lang.Object)'> (0x00000000efe82b10) 
thrown [s\src\hotspot\share\interpreter\linkResolver.cpp, line 773]
Event: 29.702 Thread 0x000001d671b36ea0 Exception <a 'java/lang/NoSuchMethodError'{0x00000000efe868c8}: 'void java.lang.invoke.DirectMethodHandle$Holder.invokeStaticInit(java.lang.Object, java.lang.Object, java.lang.Object, java.lang.Object)'> (0x00000000efe868c8) 
thrown [s\src\hotspot\share\interpreter\linkResolver.cpp, line 773]
Event: 29.710 Thread 0x000001d671b36ea0 Exception <a 'java/lang/NoSuchMethodError'{0x00000000efedc708}: 'java.lang.Object java.lang.invoke.DirectMethodHandle$Holder.invokeInterface(java.lang.Object, java.lang.Object, java.lang.Object)'> (0x00000000efedc708) 
thrown [s\src\hotspot\share\interpreter\linkResolver.cpp, line 773]
Event: 29.728 Thread 0x000001d671b36ea0 Exception <a 'java/lang/NoSuchMethodError'{0x00000000efddd7d0}: 'int java.lang.invoke.DirectMethodHandle$Holder.invokeSpecialIFC(java.lang.Object, java.lang.Object, java.lang.Object, java.lang.Object)'> (0x00000000efddd7d0) 
thrown [s\src\hotspot\share\interpreter\linkResolver.cpp, line 773]
Event: 29.729 Thread 0x000001d671b36ea0 Exception <a 'java/lang/IncompatibleClassChangeError'{0x00000000efdeac28}: Found class java.lang.Object, but interface was expected> (0x00000000efdeac28) 
thrown [s\src\hotspot\share\interpreter\linkResolver.cpp, line 840]
Event: 29.806 Thread 0x000001d671b36ea0 Implicit null exception at 0x000001d66121ac66 to 0x000001d66121ad12
Event: 29.946 Thread 0x000001d671b36ea0 Exception <a 'java/lang/NoSuchMethodError'{0x00000000efa2ec08}: 'int java.lang.invoke.DirectMethodHandle$Holder.invokeStatic(java.lang.Object, java.lang.Object, java.lang.Object, java.lang.Object)'> (0x00000000efa2ec08) 
thrown [s\src\hotspot\share\interpreter\linkResolver.cpp, line 773]

ZGC Phase Switch (0 events):
No events

VM Operations (20 events):
Event: 19.486 Executing VM operation: ICBufferFull
Event: 19.486 Executing VM operation: ICBufferFull done
Event: 19.491 Executing VM operation: HandshakeAllThreads (Deoptimize)
Event: 19.491 Executing VM operation: HandshakeAllThreads (Deoptimize) done
Event: 19.559 Executing VM operation: HandshakeAllThreads (Deoptimize)
Event: 19.559 Executing VM operation: HandshakeAllThreads (Deoptimize) done
Event: 19.739 Executing VM operation: HandshakeAllThreads (Deoptimize)
Event: 19.739 Executing VM operation: HandshakeAllThreads (Deoptimize) done
Event: 20.754 Executing VM operation: Cleanup
Event: 21.371 Executing VM operation: Cleanup done
Event: 21.518 Executing VM operation: HandshakeAllThreads (Deoptimize)
Event: 21.518 Executing VM operation: HandshakeAllThreads (Deoptimize) done
Event: 22.528 Executing VM operation: Cleanup
Event: 22.528 Executing VM operation: Cleanup done
Event: 22.604 Executing VM operation: G1CollectForAllocation (G1 Evacuation Pause)
Event: 23.608 Executing VM operation: G1CollectForAllocation (G1 Evacuation Pause) done
Event: 24.616 Executing VM operation: Cleanup
Event: 24.616 Executing VM operation: Cleanup done
Event: 30.654 Executing VM operation: Cleanup
Event: 30.654 Executing VM operation: Cleanup done

Memory protections (0 events):
No events

Nmethod flushes (0 events):
No events

Events (20 events):
Event: 12.698 Thread 0x000001d6701423c0 Thread exited: 0x000001d6701423c0
Event: 19.021 Thread 0x000001d66bee7650 Thread added: 0x000001d6716d4570
Event: 19.200 Thread 0x000001d64ec64b20 Thread added: 0x000001d670549d10
Event: 19.629 Thread 0x000001d64ec64b20 Thread added: 0x000001d6715ed190
Event: 19.723 Thread 0x000001d64ec64b20 Thread added: 0x000001d671bae3f0
Event: 19.813 Thread 0x000001d6715ed190 Thread added: 0x000001d67180ed00
Event: 19.817 Thread 0x000001d67180ed00 Thread added: 0x000001d671af1c50
Event: 19.908 Thread 0x000001d67180ed00 Thread added: 0x000001d671b36290
Event: 19.921 Thread 0x000001d67180ed00 Thread added: 0x000001d671b36ea0
Event: 19.932 Thread 0x000001d671b36ea0 Thread added: 0x000001d67178d860
Event: 19.937 Thread 0x000001d671b36ea0 Thread added: 0x000001d6718a7d50
Event: 19.940 Thread 0x000001d671b36ea0 Thread added: 0x000001d6718a9790
Event: 21.371 Thread 0x000001d6716d4570 Thread exited: 0x000001d6716d4570
Event: 21.518 Thread 0x000001d671b36ea0 Thread added: 0x000001d6718a9100
Event: 21.527 Thread 0x000001d671b36ea0 Thread added: 0x000001d6718a83e0
Event: 21.561 Thread 0x000001d671b36ea0 Thread added: 0x000001d6718a69a0
Event: 22.592 Thread 0x000001d66bee7650 Thread added: 0x000001d6720e4e40
Event: 29.670 Thread 0x000001d6720e4e40 Thread exited: 0x000001d6720e4e40
Event: 29.742 Thread 0x000001d66bee7650 Thread added: 0x000001d67255d030
Event: 29.938 Thread 0x000001d67255d030 Thread exited: 0x000001d67255d030


Dynamic libraries:
0x00007ff745a60000 - 0x00007ff745a6e000 	C:\Users\sksdu_4644\.jdks\corretto-21.0.9\bin\java.exe
0x00007ffdd4000000 - 0x00007ffdd4267000 	C:\WINDOWS\SYSTEM32\ntdll.dll
0x00007ffdd2500000 - 0x00007ffdd25c9000 	C:\WINDOWS\System32\KERNEL32.DLL
0x00007ffdd0a60000 - 0x00007ffdd0e51000 	C:\WINDOWS\System32\KERNELBASE.dll
0x00007ffdd0e60000 - 0x00007ffdd0fab000 	C:\WINDOWS\System32\ucrtbase.dll
0x00007ffd99cb0000 - 0x00007ffd99cc8000 	C:\Users\sksdu_4644\.jdks\corretto-21.0.9\bin\jli.dll
0x00007ffdd25e0000 - 0x00007ffdd27a5000 	C:\WINDOWS\System32\USER32.dll
0x00007ffdd1c00000 - 0x00007ffdd1c27000 	C:\WINDOWS\System32\win32u.dll
0x00007ffdd21b0000 - 0x00007ffdd21db000 	C:\WINDOWS\System32\GDI32.dll
0x00007ffdb7780000 - 0x00007ffdb7a13000 	C:\WINDOWS\WinSxS\amd64_microsoft.windows.common-controls_6595b64144ccf1df_6.0.26100.8037_none_3e092faae333b53b\COMCTL32.dll
0x00007ffdd2450000 - 0x00007ffdd24f9000 	C:\WINDOWS\System32\msvcrt.dll
0x00007ffdd1a20000 - 0x00007ffdd1b4b000 	C:\WINDOWS\System32\gdi32full.dll
0x00007ffd9a630000 - 0x00007ffd9a64e000 	C:\Users\sksdu_4644\.jdks\corretto-21.0.9\bin\VCRUNTIME140.dll
0x00007ffdd1c30000 - 0x00007ffdd1cd3000 	C:\WINDOWS\System32\msvcp_win.dll
0x00007ffdd22a0000 - 0x00007ffdd22d1000 	C:\WINDOWS\System32\IMM32.DLL
0x00007ffdacd70000 - 0x00007ffdacd7c000 	C:\Users\sksdu_4644\.jdks\corretto-21.0.9\bin\vcruntime140_1.dll
0x00007ffd93780000 - 0x00007ffd93809000 	C:\Users\sksdu_4644\.jdks\corretto-21.0.9\bin\msvcp140.dll
0x00007ffcea940000 - 0x00007ffceb6e7000 	C:\Users\sksdu_4644\.jdks\corretto-21.0.9\bin\server\jvm.dll
0x00007ffdd3150000 - 0x00007ffdd320b000 	C:\WINDOWS\System32\ADVAPI32.dll
0x00007ffdd30a0000 - 0x00007ffdd3147000 	C:\WINDOWS\System32\sechost.dll
0x00007ffdd2330000 - 0x00007ffdd2448000 	C:\WINDOWS\System32\RPCRT4.dll
0x00007ffdd3f40000 - 0x00007ffdd3fb4000 	C:\WINDOWS\System32\WS2_32.dll
0x00007ffdd0740000 - 0x00007ffdd079e000 	C:\WINDOWS\SYSTEM32\POWRPROF.dll
0x00007ffdb7a20000 - 0x00007ffdb7a55000 	C:\WINDOWS\SYSTEM32\WINMM.dll
0x00007ffdbbc60000 - 0x00007ffdbbc6b000 	C:\WINDOWS\SYSTEM32\VERSION.dll
0x00007ffdd0720000 - 0x00007ffdd0734000 	C:\WINDOWS\SYSTEM32\UMPDC.dll
0x00007ffdcf630000 - 0x00007ffdcf64b000 	C:\WINDOWS\SYSTEM32\kernel.appcore.dll
0x00007ffdabe30000 - 0x00007ffdabe3a000 	C:\Users\sksdu_4644\.jdks\corretto-21.0.9\bin\jimage.dll
0x00007ffdce600000 - 0x00007ffdce842000 	C:\WINDOWS\SYSTEM32\DBGHELP.DLL
0x00007ffdd3440000 - 0x00007ffdd37c2000 	C:\WINDOWS\System32\combase.dll
0x00007ffdd1db0000 - 0x00007ffdd1e87000 	C:\WINDOWS\System32\OLEAUT32.dll
0x00007ffdb6190000 - 0x00007ffdb61cb000 	C:\WINDOWS\SYSTEM32\dbgcore.DLL
0x00007ffdd1b50000 - 0x00007ffdd1bf5000 	C:\WINDOWS\System32\bcryptPrimitives.dll
0x00007ffdab5b0000 - 0x00007ffdab5c0000 	C:\Users\sksdu_4644\.jdks\corretto-21.0.9\bin\instrument.dll
0x00007ffd961e0000 - 0x00007ffd96201000 	C:\Users\sksdu_4644\.jdks\corretto-21.0.9\bin\java.dll
0x00007ffdd37d0000 - 0x00007ffdd3f2f000 	C:\WINDOWS\System32\SHELL32.dll
0x00007ffdd18b0000 - 0x00007ffdd1a1a000 	C:\WINDOWS\System32\wintypes.dll
0x00007ffdd0fb0000 - 0x00007ffdd1814000 	C:\WINDOWS\System32\windows.storage.dll
0x00007ffdd27b0000 - 0x00007ffdd28a7000 	C:\WINDOWS\System32\SHCORE.dll
0x00007ffdd2230000 - 0x00007ffdd2297000 	C:\WINDOWS\System32\shlwapi.dll
0x00007ffdd0800000 - 0x00007ffdd0829000 	C:\WINDOWS\SYSTEM32\profapi.dll
0x00007ffd909d0000 - 0x00007ffd90aa7000 	C:\Users\sksdu_4644\.jdks\corretto-21.0.9\bin\jsvml.dll
0x00007ffd99450000 - 0x00007ffd99468000 	C:\Users\sksdu_4644\.jdks\corretto-21.0.9\bin\zip.dll
0x00007ffd96770000 - 0x00007ffd96781000 	C:\Users\sksdu_4644\.jdks\corretto-21.0.9\bin\net.dll
0x00007ffdc2310000 - 0x00007ffdc2437000 	C:\WINDOWS\SYSTEM32\WINHTTP.dll
0x00007ffdcfb80000 - 0x00007ffdcfbeb000 	C:\WINDOWS\system32\mswsock.dll
0x00007ffd963a0000 - 0x00007ffd963b6000 	C:\Users\sksdu_4644\.jdks\corretto-21.0.9\bin\nio.dll
0x00007ffdaa4e0000 - 0x00007ffdaa4f0000 	C:\Users\sksdu_4644\.jdks\corretto-21.0.9\bin\verify.dll
0x00007ffdb0140000 - 0x00007ffdb0167000 	C:\Users\sksdu_4644\.gradle\native\1def1411415f61bf3af743bc5b6707747c0891f09f0c88961ee8f79bc544acac\windows-amd64\native-platform.dll
0x00007ffd78910000 - 0x00007ffd78988000 	C:\Users\sksdu_4644\.gradle\native\0.2.7\x86_64-windows-gnu\gradle-fileevents.dll
0x00007ffda5e10000 - 0x00007ffda5e1a000 	C:\Users\sksdu_4644\.jdks\corretto-21.0.9\bin\management.dll
0x00007ffda5920000 - 0x00007ffda592c000 	C:\Users\sksdu_4644\.jdks\corretto-21.0.9\bin\management_ext.dll
0x00007ffdd3030000 - 0x00007ffdd3038000 	C:\WINDOWS\System32\PSAPI.DLL
0x00007ffdcedf0000 - 0x00007ffdcee23000 	C:\WINDOWS\SYSTEM32\IPHLPAPI.DLL
0x00007ffdd25d0000 - 0x00007ffdd25da000 	C:\WINDOWS\System32\NSI.dll
0x00007ffda5770000 - 0x00007ffda5779000 	C:\Users\sksdu_4644\.jdks\corretto-21.0.9\bin\extnet.dll
0x00007ffdcff80000 - 0x00007ffdcff9b000 	C:\WINDOWS\SYSTEM32\CRYPTSP.dll
0x00007ffdcf590000 - 0x00007ffdcf5c9000 	C:\WINDOWS\system32\rsaenh.dll
0x00007ffdcfc30000 - 0x00007ffdcfc62000 	C:\WINDOWS\SYSTEM32\USERENV.dll
0x00007ffdd07d0000 - 0x00007ffdd07fa000 	C:\WINDOWS\SYSTEM32\bcrypt.dll
0x00007ffdcff60000 - 0x00007ffdcff6c000 	C:\WINDOWS\SYSTEM32\CRYPTBASE.dll
0x00007ffda55c0000 - 0x00007ffda55ce000 	C:\Users\sksdu_4644\.jdks\corretto-21.0.9\bin\sunmscapi.dll
0x00007ffdd08e0000 - 0x00007ffdd0a57000 	C:\WINDOWS\System32\CRYPT32.dll
0x00007ffdd00e0000 - 0x00007ffdd0110000 	C:\WINDOWS\SYSTEM32\ncrypt.dll
0x00007ffdd0090000 - 0x00007ffdd00cf000 	C:\WINDOWS\SYSTEM32\NTASN1.dll
0x00007ffdb6090000 - 0x00007ffdb6098000 	C:\WINDOWS\system32\wshunix.dll

JVMTI agents:
C:\Users\sksdu_4644\.gradle\wrapper\dists\gradle-8.14.4-bin\92wwslzcyst3phie3o264zltu\gradle-8.14.4\lib\agents\gradle-instrumentation-agent-8.14.4.jar path:C:\Users\sksdu_4644\.jdks\corretto-21.0.9\bin\instrument.dll, loaded, initialized, instrumentlib options:none

dbghelp: loaded successfully - version: 4.0.5 - missing functions: none
symbol engine: initialized successfully - sym options: 0x614 - pdb path: .;C:\Users\sksdu_4644\.jdks\corretto-21.0.9\bin;C:\WINDOWS\SYSTEM32;C:\WINDOWS\WinSxS\amd64_microsoft.windows.common-controls_6595b64144ccf1df_6.0.26100.8037_none_3e092faae333b53b;C:\Users\sksdu_4644\.jdks\corretto-21.0.9\bin\server;C:\Users\sksdu_4644\.gradle\native\1def1411415f61bf3af743bc5b6707747c0891f09f0c88961ee8f79bc544acac\windows-amd64;C:\Users\sksdu_4644\.gradle\native\0.2.7\x86_64-windows-gnu

VM Arguments:
jvm_args: --add-opens=java.base/java.lang=ALL-UNNAMED --add-opens=java.base/java.lang.invoke=ALL-UNNAMED --add-opens=java.base/java.util=ALL-UNNAMED --add-opens=java.prefs/java.util.prefs=ALL-UNNAMED --add-exports=jdk.compiler/com.sun.tools.javac.api=ALL-UNNAMED --add-exports=jdk.compiler/com.sun.tools.javac.util=ALL-UNNAMED --add-opens=java.base/java.util=ALL-UNNAMED --add-opens=java.prefs/java.util.prefs=ALL-UNNAMED --add-opens=java.base/java.nio.charset=ALL-UNNAMED --add-opens=java.base/java.net=ALL-UNNAMED --add-opens=java.base/java.util.concurrent.atomic=ALL-UNNAMED --add-opens=java.xml/javax.xml.namespace=ALL-UNNAMED -XX:MaxMetaspaceSize=384m -XX:+HeapDumpOnOutOfMemoryError -Xms256m -Xmx512m -Dfile.encoding=UTF-8 -Duser.country=KR -Duser.language=ko -Duser.variant -javaagent:C:\Users\sksdu_4644\.gradle\wrapper\dists\gradle-8.14.4-bin\92wwslzcyst3phie3o264zltu\gradle-8.14.4\lib\agents\gradle-instrumentation-agent-8.14.4.jar 
java_command: org.gradle.launcher.daemon.bootstrap.GradleDaemon 8.14.4
java_class_path (initial): C:\Users\sksdu_4644\.gradle\wrapper\dists\gradle-8.14.4-bin\92wwslzcyst3phie3o264zltu\gradle-8.14.4\lib\gradle-daemon-main-8.14.4.jar
Launcher Type: SUN_STANDARD

[Global flags]
     intx CICompilerCount                          = 4                                         {product} {ergonomic}
   size_t CompressedClassSpaceSize                 = 335544320                                 {product} {ergonomic}
     uint ConcGCThreads                            = 2                                         {product} {ergonomic}
     uint G1ConcRefinementThreads                  = 8                                         {product} {ergonomic}
   size_t G1HeapRegionSize                         = 1048576                                   {product} {ergonomic}
    uintx GCDrainStackTargetSize                   = 64                                        {product} {ergonomic}
     bool HeapDumpOnOutOfMemoryError               = true                                   {manageable} {command line}
   size_t InitialHeapSize                          = 268435456                                 {product} {command line}
   size_t MarkStackSize                            = 4194304                                   {product} {ergonomic}
   size_t MaxHeapSize                              = 536870912                                 {product} {command line}
   size_t MaxMetaspaceSize                         = 402653184                                 {product} {command line}
   size_t MaxNewSize                               = 321912832                                 {product} {ergonomic}
   size_t MinHeapDeltaBytes                        = 1048576                                   {product} {ergonomic}
   size_t MinHeapSize                              = 268435456                                 {product} {command line}
    uintx NonNMethodCodeHeapSize                   = 5839372                                {pd product} {ergonomic}
    uintx NonProfiledCodeHeapSize                  = 122909434                              {pd product} {ergonomic}
    uintx ProfiledCodeHeapSize                     = 122909434                              {pd product} {ergonomic}
    uintx ReservedCodeCacheSize                    = 251658240                              {pd product} {ergonomic}
     bool SegmentedCodeCache                       = true                                      {product} {ergonomic}
   size_t SoftMaxHeapSize                          = 536870912                              {manageable} {ergonomic}
     bool UseCompressedOops                        = true                           {product lp64_product} {ergonomic}
     bool UseG1GC                                  = true                                      {product} {ergonomic}
     bool UseLargePagesIndividualAllocation        = false                                  {pd product} {ergonomic}

Logging:
Log output configuration:
 #0: stdout all=warning uptime,level,tags foldmultilines=false
 #1: stderr all=off uptime,level,tags foldmultilines=false

Release file:
IMPLEMENTOR="Amazon.com Inc." 
IMPLEMENTOR_VERSION="Corretto-21.0.9.10.1" 
JAVA_RUNTIME_VERSION="21.0.9+10-LTS" 
JAVA_VERSION="21.0.9" 
JAVA_VERSION_DATE="2025-10-21" 
LIBC="default" 
MODULES="java.base java.compiler java.datatransfer java.xml java.prefs java.desktop java.instrument java.logging java.management java.security.sasl java.naming java.rmi java.management.rmi java.net.http java.scripting java.security.jgss java.transaction.xa java.sql java.sql.rowset java.xml.crypto java.se java.smartcardio jdk.accessibility jdk.internal.jvmstat jdk.attach jdk.charsets jdk.internal.opt jdk.zipfs jdk.compiler jdk.crypto.ec jdk.crypto.cryptoki jdk.crypto.mscapi jdk.dynalink jdk.internal.ed jdk.editpad jdk.hotspot.agent jdk.httpserver jdk.incubator.vector jdk.internal.le jdk.internal.vm.ci jdk.internal.vm.compiler jdk.internal.vm.compiler.management jdk.jartool jdk.javadoc jdk.jcmd jdk.management jdk.management.agent jdk.jconsole jdk.jdeps jdk.jdwp.agent jdk.jdi jdk.jfr jdk.jlink jdk.jpackage jdk.jshell jdk.jsobject jdk.jstatd jdk.localedata jdk.management.jfr jdk.naming.dns jdk.naming.rmi jdk.net jdk.nio.mapmode jdk.random jdk.sctp jdk.security.auth jdk.security.jgss jdk.unsupported jdk.unsupported.desktop jdk.xml.dom" 
OS_ARCH="x86_64" 
OS_NAME="Windows" 
SOURCE="" 

Environment Variables:
JAVA_HOME=C:\Program Files\Amazon Corretto\jdk17.0.18_9
PATH=C:\Program Files\Amazon Corretto\jdk17.0.18_9\bin;C:\WINDOWS\Softcamp\SDK;C:\WINDOWS\Softcamp\SDS\x64;C:\WINDOWS\Softcamp\SDS;C:\WINDOWS\system32;C:\WINDOWS;C:\WINDOWS\System32\Wbem;C:\WINDOWS\System32\WindowsPowerShell\v1.0\;C:\WINDOWS\System32\OpenSSH\;C:\Program Files (x86)\IBM\Client Access\Shared;C:\Program Files (x86)\IBM\Client Access\;C:\ProgramData\scEscpp\;C:\WINDOWS\Softcamp\Security365\AIP\x64;C:\ProgramData\scEscpp\;C:\Program Files\nodejs\;C:\Program Files\Git\cmd;c:\iEC;C:\Users\sksdu_4644\AppData\Local\Microsoft\WindowsApps;C:\Users\sksdu_4644\AppData\Local\Programs\Microsoft VS Code\bin;C:\Users\sksdu_4644\AppData\Roaming\npm;C:\Program Files\JetBrains\IntelliJ IDEA Community Edition 2025.3.3\bin
USERNAME=sksdu_4644
OS=Windows_NT
PROCESSOR_IDENTIFIER=Intel64 Family 6 Model 166 Stepping 0, GenuineIntel
TMP=C:\Users\SKSDU_~1\AppData\Local\Temp
TEMP=C:\Users\SKSDU_~1\AppData\Local\Temp




Periodic native trim disabled

---------------  S Y S T E M  ---------------

OS:
 Windows 11 , 64 bit Build 26100 (10.0.26100.7920)
OS uptime: 8 days 1:42 hours
Hyper-V role detected

CPU: total 8 (initial active 8) (4 cores per cpu, 2 threads per core) family 6 model 166 stepping 0 microcode 0xe0, cx8, cmov, fxsr, ht, mmx, 3dnowpref, sse, sse2, sse3, ssse3, sse4.1, sse4.2, popcnt, lzcnt, tsc, tscinvbit, avx, avx2, aes, erms, clmul, bmi1, bmi2, adx, fma, vzeroupper, clflush, clflushopt, hv, rdtscp, f16c
Processor Information for the first 8 processors :
  Max Mhz: 2112, Current Mhz: 1609, Mhz Limit: 1605

Memory: 4k page, system-wide physical 16198M (3582M free)
TotalPageFile size 46281M (AvailPageFile size 13M)
current process WorkingSet (physical memory assigned to process): 230M, peak: 231M
current process commit charge ("private bytes"): 410M, peak: 411M

vm_info: OpenJDK 64-Bit Server VM (21.0.9+10-LTS) for windows-amd64 JRE (21.0.9+10-LTS), built on 2025-10-16T09:41:28Z by "Administrator" with unknown MS VC++:1944

END.
